2025-04-10 20:48:21,624 - QuantumDesktop.ConfigManager - INFO - 配置加载成功
2025-04-10 20:48:21,625 - QuantumDesktop.ConfigManager - INFO - 配置管理器初始化完成，配置路径: /Users/mac/.quantum_desktop/config.json
2025-04-10 20:48:21,625 - QuantumDesktop.StyleManager - INFO - 样式管理器初始化完成
2025-04-10 20:48:21,625 - QuantumDesktop.StyleManager - INFO - 应用主题: dark
2025-04-10 20:48:23,625 - QuantumDesktop.SystemManager - INFO - 系统管理器初始化完成
2025-04-10 20:48:23,695 - QuantumDesktop.ComponentStatusWidget - INFO - 组件状态小部件初始化完成
2025-04-10 20:48:23,731 - QuantumDesktop.DashboardPanel - INFO - 仪表盘面板初始化完成
2025-04-10 20:48:23,750 - QuantumDesktop.QuantumCircuitPanel - INFO - 量子电路面板初始化完成
2025-04-10 20:48:23,783 - QuantumDesktop.MarketAnalysisPanel - INFO - 市场分析面板初始化完成
2025-04-10 20:48:23,804 - QuantumDesktop.MainWindow - INFO - 主窗口创建完成
2025-04-10 20:48:23,805 - QuantumDesktop - INFO - 应用程序初始化完成
2025-04-10 20:48:26,418 - QuantumDesktop - INFO - 应用程序启动完成
2025-04-10 20:50:14,088 - QuantumDesktop.MainWindow - INFO - 启动量子核心系统
2025-04-10 20:50:14,092 - QuantumDesktop.SystemManager - INFO - 启动量子核心系统...
2025-04-10 20:50:14,093 - quantum_core.quantum_backend - INFO - 初始化量子后端: quantum_simulator, 类型: simulator, 最大量子比特: 24
2025-04-10 20:50:14,093 - quantum_core.quantum_backend - INFO - 正在启动量子后端...
2025-04-10 20:50:14,593 - quantum_core.quantum_backend - INFO - 量子后端启动成功
2025-04-10 20:50:14,594 - QuantumDesktop.SystemManager - INFO - 量子后端启动成功
2025-04-10 20:50:14,594 - quantum_core.market_to_quantum - INFO - 注册编码方法: amplitude
2025-04-10 20:50:14,595 - quantum_core.market_to_quantum - INFO - 注册编码方法: angle
2025-04-10 20:50:14,595 - quantum_core.market_to_quantum - INFO - 注册编码方法: binary
2025-04-10 20:50:14,595 - quantum_core.market_to_quantum - INFO - 注册了 3 个默认编码方法
2025-04-10 20:50:14,595 - quantum_core.market_to_quantum - INFO - 市场到量子转换器初始化完成
2025-04-10 20:50:14,595 - quantum_core.market_to_quantum - INFO - 启动市场到量子转换器...
2025-04-10 20:50:14,596 - quantum_core.market_to_quantum - INFO - 市场到量子转换器启动完成
2025-04-10 20:50:14,596 - QuantumDesktop.SystemManager - INFO - 市场到量子转换器启动成功
2025-04-10 20:50:14,596 - quantum_core.quantum_interpreter - INFO - 注册解释方法: probability
2025-04-10 20:50:14,596 - quantum_core.quantum_interpreter - INFO - 注册解释方法: threshold
2025-04-10 20:50:14,597 - quantum_core.quantum_interpreter - INFO - 注册解释方法: relative
2025-04-10 20:50:14,597 - quantum_core.quantum_interpreter - INFO - 注册了 3 个默认解释方法
2025-04-10 20:50:14,597 - quantum_core.quantum_interpreter - INFO - 量子解释器初始化完成
2025-04-10 20:50:14,597 - quantum_core.quantum_interpreter - INFO - 启动量子解释器...
2025-04-10 20:50:14,597 - quantum_core.quantum_interpreter - INFO - 量子解释器启动完成
2025-04-10 20:50:14,597 - QuantumDesktop.SystemManager - INFO - 量子解释器启动成功
2025-04-10 20:50:14,598 - quantum_core.multidimensional_analysis - INFO - 多维分析器初始化完成
2025-04-10 20:50:14,598 - quantum_core.multidimensional_analysis - INFO - 启动多维分析器...
2025-04-10 20:50:14,598 - quantum_core.multidimensional_analysis - INFO - 多维分析器启动完成
2025-04-10 20:50:14,598 - QuantumDesktop.SystemManager - INFO - 市场分析器启动成功
2025-04-10 20:50:14,607 - QuantumDesktop.SystemManager - INFO - 开始系统监控
2025-04-10 20:50:14,608 - QuantumDesktop.SystemManager - INFO - 量子核心系统启动完成
