2025-04-10 20:51:22,514 - QuantumDesktop.ConfigManager - INFO - 配置加载成功
2025-04-10 20:51:22,515 - QuantumDesktop.ConfigManager - INFO - 配置管理器初始化完成，配置路径: /Users/mac/.quantum_desktop/config.json
2025-04-10 20:51:22,516 - QuantumDesktop.StyleManager - INFO - 样式管理器初始化完成
2025-04-10 20:51:22,516 - QuantumDesktop.StyleManager - INFO - 应用主题: dark
2025-04-10 20:51:25,479 - QuantumDesktop.SystemManager - INFO - 系统管理器初始化完成
2025-04-10 20:51:25,672 - QuantumDesktop.ComponentStatusWidget - INFO - 组件状态小部件初始化完成
2025-04-10 20:51:25,815 - QuantumDesktop.DashboardPanel - INFO - 仪表盘面板初始化完成
2025-04-10 20:51:25,849 - QuantumDesktop.QuantumCircuitPanel - INFO - 量子电路面板初始化完成
2025-04-10 20:51:25,991 - QuantumDesktop.MarketAnalysisPanel - INFO - 市场分析面板初始化完成
2025-04-10 20:51:26,251 - QuantumDesktop.MainWindow - INFO - 主窗口创建完成
2025-04-10 20:51:26,252 - QuantumDesktop - INFO - 应用程序初始化完成
2025-04-10 20:51:29,299 - QuantumDesktop - INFO - 应用程序启动完成
2025-04-10 20:51:35,045 - QuantumDesktop.MainWindow - INFO - 启动量子核心系统
2025-04-10 20:51:35,045 - QuantumDesktop.SystemManager - INFO - 启动量子核心系统...
2025-04-10 20:51:35,046 - quantum_core.quantum_backend - INFO - 初始化量子后端: quantum_simulator, 类型: simulator, 最大量子比特: 24
2025-04-10 20:51:35,046 - quantum_core.quantum_backend - INFO - 正在启动量子后端...
2025-04-10 20:51:35,546 - quantum_core.quantum_backend - INFO - 量子后端启动成功
2025-04-10 20:51:35,547 - QuantumDesktop.SystemManager - INFO - 量子后端启动成功
2025-04-10 20:51:35,547 - quantum_core.market_to_quantum - INFO - 注册编码方法: amplitude
2025-04-10 20:51:35,547 - quantum_core.market_to_quantum - INFO - 注册编码方法: angle
2025-04-10 20:51:35,547 - quantum_core.market_to_quantum - INFO - 注册编码方法: binary
2025-04-10 20:51:35,547 - quantum_core.market_to_quantum - INFO - 注册了 3 个默认编码方法
2025-04-10 20:51:35,547 - quantum_core.market_to_quantum - INFO - 市场到量子转换器初始化完成
2025-04-10 20:51:35,547 - quantum_core.market_to_quantum - INFO - 启动市场到量子转换器...
2025-04-10 20:51:35,548 - quantum_core.market_to_quantum - INFO - 市场到量子转换器启动完成
2025-04-10 20:51:35,548 - QuantumDesktop.SystemManager - INFO - 市场到量子转换器启动成功
2025-04-10 20:51:35,548 - quantum_core.quantum_interpreter - INFO - 注册解释方法: probability
2025-04-10 20:51:35,548 - quantum_core.quantum_interpreter - INFO - 注册解释方法: threshold
2025-04-10 20:51:35,548 - quantum_core.quantum_interpreter - INFO - 注册解释方法: relative
2025-04-10 20:51:35,548 - quantum_core.quantum_interpreter - INFO - 注册了 3 个默认解释方法
2025-04-10 20:51:35,548 - quantum_core.quantum_interpreter - INFO - 量子解释器初始化完成
2025-04-10 20:51:35,548 - quantum_core.quantum_interpreter - INFO - 启动量子解释器...
2025-04-10 20:51:35,549 - quantum_core.quantum_interpreter - INFO - 量子解释器启动完成
2025-04-10 20:51:35,549 - QuantumDesktop.SystemManager - INFO - 量子解释器启动成功
2025-04-10 20:51:35,549 - quantum_core.multidimensional_analysis - INFO - 多维分析器初始化完成
2025-04-10 20:51:35,549 - quantum_core.multidimensional_analysis - INFO - 启动多维分析器...
2025-04-10 20:51:35,549 - quantum_core.multidimensional_analysis - INFO - 多维分析器启动完成
2025-04-10 20:51:35,549 - QuantumDesktop.SystemManager - INFO - 市场分析器启动成功
2025-04-10 20:51:35,549 - QuantumDesktop.SystemManager - INFO - 开始系统监控
2025-04-10 20:51:35,550 - QuantumDesktop.SystemManager - INFO - 量子核心系统启动完成
