2025-04-10 17:22:09,563 - QuantumCoreLauncher - INFO - 正在启动超神量子核心...
2025-04-10 17:22:09,578 - quantum_core.event_driven_coordinator - INFO - 运行时环境初始化完成
2025-04-10 17:22:09,579 - QuantumCoreLauncher - INFO - 注册核心组件...
2025-04-10 17:22:09,753 - quantum_core.event_system - INFO - 量子事件系统初始化完成
2025-04-10 17:22:09,753 - quantum_core.event_driven_coordinator - INFO - 组件'event_system'已注册
2025-04-10 17:22:12,296 - DataPipeline.MarketData - INFO - 数据流水线[MarketData]初始化完成
2025-04-10 17:22:12,297 - MarketDataPipeline - INFO - 市场数据流水线初始化完成
2025-04-10 17:22:12,297 - quantum_core.event_driven_coordinator - INFO - 组件'data_pipeline'已注册
2025-04-10 17:22:12,301 - quantum_core.quantum_backend - INFO - 量子后端初始化，类型：simulator
2025-04-10 17:22:12,301 - quantum_core.event_driven_coordinator - INFO - 组件'quantum_backend'已注册
2025-04-10 17:22:12,309 - quantum_core.multidimensional_analysis - INFO - 多维分析器初始化完成
2025-04-10 17:22:12,309 - quantum_core.event_driven_coordinator - INFO - 组件'market_analyzer'已注册
2025-04-10 17:22:12,320 - quantum_core.genetic_strategy_optimizer - INFO - 遗传算法策略优化器初始化完成
2025-04-10 17:22:12,321 - quantum_core.event_driven_coordinator - INFO - 组件'strategy_optimizer'已注册
2025-04-10 17:22:12,432 - quantum_core.system_monitor - INFO - 系统健康监控器初始化完成
2025-04-10 17:22:12,433 - quantum_core.event_driven_coordinator - INFO - 组件'system_monitor'已注册
2025-04-10 17:22:12,440 - QuantumCoreLauncher - INFO - 以集成模式启动，连接到超神系统...
2025-04-10 17:22:12,447 - QuantumCoreLauncher - INFO - 启动量子核心运行时环境...
2025-04-10 17:22:12,448 - quantum_core.event_driven_coordinator - INFO - 启动运行时环境...
2025-04-10 17:22:12,448 - quantum_core.event_driven_coordinator - INFO - 找到事件系统组件
2025-04-10 17:22:12,449 - quantum_core.event_driven_coordinator - INFO - 正在启动组件'event_system'...
2025-04-10 17:22:12,449 - quantum_core.event_system - INFO - 启动事件处理循环
2025-04-10 17:22:12,451 - asyncio - DEBUG - Using selector: KqueueSelector
2025-04-10 17:22:12,452 - quantum_core.event_driven_coordinator - INFO - 组件'event_system'启动成功
2025-04-10 17:22:12,460 - quantum_core.event_system - INFO - 开始处理事件
2025-04-10 17:22:12,461 - quantum_core.event_driven_coordinator - INFO - 正在启动组件'data_pipeline'...
2025-04-10 17:22:12,479 - quantum_core.event_driven_coordinator - INFO - 组件'data_pipeline'启动成功
2025-04-10 17:22:12,479 - quantum_core.event_driven_coordinator - INFO - 正在启动组件'quantum_backend'...
2025-04-10 17:22:12,479 - quantum_core.quantum_backend - INFO - 启动量子后端...
2025-04-10 17:22:12,480 - quantum_core.quantum_backend - INFO - 量子模拟器已初始化
2025-04-10 17:22:12,481 - quantum_core.quantum_backend - INFO - 量子执行循环启动
2025-04-10 17:22:12,481 - quantum_core.quantum_backend - INFO - 量子后端启动完成
2025-04-10 17:22:12,482 - quantum_core.event_driven_coordinator - INFO - 组件'quantum_backend'启动成功
2025-04-10 17:22:12,482 - quantum_core.event_driven_coordinator - INFO - 正在启动组件'market_analyzer'...
2025-04-10 17:22:12,483 - quantum_core.multidimensional_analysis - INFO - 启动多维分析器...
2025-04-10 17:22:12,483 - quantum_core.multidimensional_analysis - INFO - 多维分析器启动完成
2025-04-10 17:22:12,484 - quantum_core.event_driven_coordinator - INFO - 组件'market_analyzer'启动成功
2025-04-10 17:22:12,485 - quantum_core.event_driven_coordinator - INFO - 正在启动组件'strategy_optimizer'...
2025-04-10 17:22:12,486 - quantum_core.genetic_strategy_optimizer - INFO - 启动策略优化器...
2025-04-10 17:22:12,486 - quantum_core.genetic_strategy_optimizer - INFO - 策略优化器启动完成
2025-04-10 17:22:12,486 - quantum_core.event_driven_coordinator - INFO - 组件'strategy_optimizer'启动成功
2025-04-10 17:22:12,487 - quantum_core.event_driven_coordinator - INFO - 正在启动组件'system_monitor'...
2025-04-10 17:22:12,487 - quantum_core.system_monitor - INFO - 启动系统监控...
2025-04-10 17:22:12,488 - quantum_core.system_monitor - INFO - 监控循环启动
2025-04-10 17:22:12,488 - quantum_core.system_monitor - INFO - 系统监控已启动
2025-04-10 17:22:12,489 - quantum_core.event_driven_coordinator - INFO - 组件'system_monitor'启动成功
2025-04-10 17:22:12,489 - quantum_core.event_driven_coordinator - INFO - 运行时环境启动完成
2025-04-10 17:22:12,489 - QuantumCoreLauncher - INFO - 量子核心启动成功，按Ctrl+C退出
2025-04-10 17:38:40,240 - QuantumCoreLauncher - INFO - 接收到退出信号
2025-04-10 17:38:40,240 - QuantumCoreLauncher - INFO - 正在停止量子核心...
2025-04-10 17:38:40,241 - quantum_core.event_driven_coordinator - INFO - 停止运行时环境...
2025-04-10 17:38:40,242 - quantum_core.event_driven_coordinator - INFO - 正在停止组件'system_monitor'...
2025-04-10 17:38:40,243 - quantum_core.system_monitor - INFO - 停止系统监控...
2025-04-10 17:38:42,254 - quantum_core.system_monitor - INFO - 系统监控已停止
2025-04-10 17:38:42,254 - quantum_core.event_driven_coordinator - INFO - 组件'system_monitor'停止成功
2025-04-10 17:38:42,255 - quantum_core.event_driven_coordinator - INFO - 正在停止组件'strategy_optimizer'...
2025-04-10 17:38:42,255 - quantum_core.genetic_strategy_optimizer - INFO - 停止策略优化器...
2025-04-10 17:38:42,255 - quantum_core.genetic_strategy_optimizer - INFO - 策略优化器已停止
2025-04-10 17:38:42,255 - quantum_core.event_driven_coordinator - INFO - 组件'strategy_optimizer'停止成功
2025-04-10 17:38:42,255 - quantum_core.event_driven_coordinator - INFO - 正在停止组件'market_analyzer'...
2025-04-10 17:38:42,255 - quantum_core.multidimensional_analysis - INFO - 停止多维分析器...
2025-04-10 17:38:42,255 - quantum_core.multidimensional_analysis - INFO - 多维分析器已停止
2025-04-10 17:38:42,256 - quantum_core.event_driven_coordinator - INFO - 组件'market_analyzer'停止成功
2025-04-10 17:38:42,329 - quantum_core.event_driven_coordinator - INFO - 正在停止组件'quantum_backend'...
2025-04-10 17:38:42,329 - quantum_core.quantum_backend - INFO - 停止量子后端...
2025-04-10 17:38:42,427 - quantum_core.quantum_backend - INFO - 量子后端已停止
2025-04-10 17:38:42,428 - quantum_core.event_driven_coordinator - INFO - 组件'quantum_backend'停止成功
2025-04-10 17:38:42,428 - quantum_core.event_driven_coordinator - INFO - 正在停止组件'data_pipeline'...
2025-04-10 17:38:42,428 - quantum_core.event_driven_coordinator - INFO - 组件'data_pipeline'停止成功
2025-04-10 17:38:42,428 - quantum_core.event_driven_coordinator - INFO - 正在停止组件'event_system'...
2025-04-10 17:38:42,428 - quantum_core.event_system - INFO - 停止事件处理循环
2025-04-10 17:38:42,429 - quantum_core.event_system - INFO - 正在关闭事件循环...
2025-04-10 17:38:42,430 - quantum_core.event_system - INFO - 事件循环已关闭
2025-04-10 17:38:42,430 - quantum_core.event_driven_coordinator - INFO - 组件'event_system'停止成功
2025-04-10 17:38:42,430 - quantum_core.event_driven_coordinator - INFO - 运行时环境停止完成
2025-04-10 17:38:42,430 - QuantumCoreLauncher - INFO - 量子核心已停止
