2025-04-10 20:36:56,102 - QuantumCoreLauncher - INFO - 正在启动超神量子核心...
2025-04-10 20:36:56,120 - quantum_core.event_driven_coordinator - INFO - 运行时环境初始化完成
2025-04-10 20:36:56,121 - QuantumCoreLauncher - INFO - 注册核心组件...
2025-04-10 20:36:56,618 - quantum_core.event_system - INFO - 量子事件系统初始化完成
2025-04-10 20:36:56,618 - quantum_core.event_driven_coordinator - INFO - 组件'event_system'已注册
2025-04-10 20:37:02,928 - DataPipeline.MarketData - INFO - 数据流水线[MarketData]初始化完成
2025-04-10 20:37:02,929 - MarketDataPipeline - INFO - 市场数据流水线初始化完成
2025-04-10 20:37:02,929 - quantum_core.event_driven_coordinator - INFO - 组件'data_pipeline'已注册
2025-04-10 20:37:02,957 - quantum_core.quantum_backend - INFO - 初始化量子后端: quantum_simulator, 类型: simulator, 最大量子比特: 24
2025-04-10 20:37:02,957 - quantum_core.event_driven_coordinator - INFO - 组件'quantum_backend'已注册
2025-04-10 20:37:02,959 - quantum_core.multidimensional_analysis - INFO - 多维分析器初始化完成
2025-04-10 20:37:02,959 - quantum_core.event_driven_coordinator - INFO - 组件'market_analyzer'已注册
2025-04-10 20:37:02,961 - quantum_core.genetic_strategy_optimizer - INFO - 遗传算法策略优化器初始化完成
2025-04-10 20:37:02,961 - quantum_core.event_driven_coordinator - INFO - 组件'strategy_optimizer'已注册
2025-04-10 20:37:03,008 - quantum_core.system_monitor - INFO - 系统健康监控器初始化完成
2025-04-10 20:37:03,008 - quantum_core.event_driven_coordinator - INFO - 组件'system_monitor'已注册
2025-04-10 20:37:03,009 - QuantumCoreLauncher - INFO - 以集成模式启动，连接到超神系统...
2025-04-10 20:37:03,010 - QuantumCoreLauncher - INFO - 启动量子核心运行时环境...
2025-04-10 20:37:03,010 - quantum_core.event_driven_coordinator - INFO - 启动运行时环境...
2025-04-10 20:37:03,010 - quantum_core.event_driven_coordinator - INFO - 找到事件系统组件
2025-04-10 20:37:03,011 - quantum_core.event_driven_coordinator - INFO - 正在启动组件'event_system'...
2025-04-10 20:37:03,011 - quantum_core.event_system - INFO - 启动事件处理循环
2025-04-10 20:37:03,014 - quantum_core.event_system - INFO - 开始处理事件
2025-04-10 20:37:03,014 - quantum_core.event_driven_coordinator - INFO - 组件'event_system'启动成功
2025-04-10 20:37:03,015 - quantum_core.event_driven_coordinator - INFO - 正在启动组件'data_pipeline'...
2025-04-10 20:37:03,144 - quantum_core.event_driven_coordinator - INFO - 组件'data_pipeline'启动成功
2025-04-10 20:37:03,194 - quantum_core.event_driven_coordinator - INFO - 正在启动组件'quantum_backend'...
2025-04-10 20:37:03,195 - quantum_core.quantum_backend - INFO - 正在启动量子后端...
2025-04-10 20:37:03,702 - quantum_core.quantum_backend - INFO - 量子后端启动成功
2025-04-10 20:37:03,702 - quantum_core.event_driven_coordinator - INFO - 组件'quantum_backend'启动成功
2025-04-10 20:37:03,703 - quantum_core.event_driven_coordinator - INFO - 正在启动组件'market_analyzer'...
2025-04-10 20:37:03,703 - quantum_core.multidimensional_analysis - INFO - 启动多维分析器...
2025-04-10 20:37:03,703 - quantum_core.multidimensional_analysis - INFO - 多维分析器启动完成
2025-04-10 20:37:03,704 - quantum_core.event_driven_coordinator - INFO - 组件'market_analyzer'启动成功
2025-04-10 20:37:03,704 - quantum_core.event_driven_coordinator - INFO - 正在启动组件'strategy_optimizer'...
2025-04-10 20:37:03,704 - quantum_core.genetic_strategy_optimizer - INFO - 启动策略优化器...
2025-04-10 20:37:03,705 - quantum_core.genetic_strategy_optimizer - INFO - 策略优化器启动完成
2025-04-10 20:37:03,706 - quantum_core.event_driven_coordinator - INFO - 组件'strategy_optimizer'启动成功
2025-04-10 20:37:03,706 - quantum_core.event_driven_coordinator - INFO - 正在启动组件'system_monitor'...
2025-04-10 20:37:03,708 - quantum_core.system_monitor - INFO - 启动系统监控...
2025-04-10 20:37:03,709 - quantum_core.system_monitor - INFO - 监控循环启动
2025-04-10 20:37:03,709 - quantum_core.system_monitor - INFO - 系统监控已启动
2025-04-10 20:37:03,710 - quantum_core.event_driven_coordinator - INFO - 组件'system_monitor'启动成功
2025-04-10 20:37:03,710 - quantum_core.event_driven_coordinator - INFO - 运行时环境启动完成
2025-04-10 20:37:03,710 - QuantumCoreLauncher - INFO - 量子核心启动成功，按Ctrl+C退出
