2025-04-10 03:12:51,269 - __main__ - INFO - =============================================
2025-04-10 03:12:51,269 - __main__ - INFO - 超神量子爆发策略增强版 - 回测启动
2025-04-10 03:12:51,270 - __main__ - INFO - 回测区间: 20210101 - 20231231
2025-04-10 03:12:51,271 - __main__ - INFO - 回测标的: 53 只股票
2025-04-10 03:12:51,271 - __main__ - INFO - 初始资金: 2,000,000.00
2025-04-10 03:12:51,271 - __main__ - INFO - =============================================
2025-04-10 03:12:51,271 - __main__ - INFO - 正在加载市场数据...
2025-04-10 03:12:51,745 - data - WARNING - 无法获取 000001.SH 的数据
2025-04-10 03:12:52,213 - data - WARNING - 无法获取 399001.SZ 的数据
2025-04-10 03:12:52,351 - data - WARNING - 无法获取 000300.SH 的数据
2025-04-10 03:12:53,264 - data - INFO - 成功加载 000001.SZ 的数据，共 727 条记录
2025-04-10 03:12:53,882 - data - INFO - 成功加载 000002.SZ 的数据，共 727 条记录
2025-04-10 03:12:54,551 - data - INFO - 成功加载 000063.SZ 的数据，共 726 条记录
2025-04-10 03:12:55,016 - data - INFO - 成功加载 000066.SZ 的数据，共 727 条记录
2025-04-10 03:12:55,836 - data - INFO - 成功加载 000333.SZ 的数据，共 727 条记录
2025-04-10 03:12:56,217 - data - INFO - 成功加载 000651.SZ 的数据，共 727 条记录
2025-04-10 03:12:56,642 - data - INFO - 成功加载 000725.SZ 的数据，共 727 条记录
2025-04-10 03:12:56,986 - data - INFO - 成功加载 000776.SZ 的数据，共 727 条记录
2025-04-10 03:12:57,286 - data - INFO - 成功加载 000858.SZ 的数据，共 727 条记录
2025-04-10 03:12:57,625 - data - INFO - 成功加载 000999.SZ 的数据，共 727 条记录
2025-04-10 03:12:57,926 - data - INFO - 成功加载 001979.SZ 的数据，共 717 条记录
2025-04-10 03:12:58,226 - data - INFO - 成功加载 002001.SZ 的数据，共 727 条记录
2025-04-10 03:12:58,552 - data - INFO - 成功加载 002007.SZ 的数据，共 727 条记录
2025-04-10 03:12:58,935 - data - INFO - 成功加载 002024.SZ 的数据，共 710 条记录
2025-04-10 03:12:59,220 - data - INFO - 成功加载 002027.SZ 的数据，共 727 条记录
2025-04-10 03:12:59,618 - data - INFO - 成功加载 002032.SZ 的数据，共 727 条记录
2025-04-10 03:12:59,966 - data - INFO - 成功加载 002050.SZ 的数据，共 727 条记录
2025-04-10 03:13:00,396 - data - INFO - 成功加载 002064.SZ 的数据，共 727 条记录
2025-04-10 03:13:00,797 - data - INFO - 成功加载 002074.SZ 的数据，共 727 条记录
2025-04-10 03:13:01,372 - data - INFO - 成功加载 002129.SZ 的数据，共 727 条记录
2025-04-10 03:13:01,678 - data - INFO - 成功加载 002142.SZ 的数据，共 721 条记录
2025-04-10 03:13:02,209 - data - INFO - 成功加载 002157.SZ 的数据，共 725 条记录
2025-04-10 03:13:02,612 - data - INFO - 成功加载 002179.SZ 的数据，共 727 条记录
2025-04-10 03:13:03,274 - data - INFO - 成功加载 002202.SZ 的数据，共 727 条记录
2025-04-10 03:13:03,746 - data - INFO - 成功加载 002230.SZ 的数据，共 727 条记录
2025-04-10 03:13:04,126 - data - INFO - 成功加载 002236.SZ 的数据，共 727 条记录
2025-04-10 03:13:05,003 - data - INFO - 成功加载 002241.SZ 的数据，共 727 条记录
2025-04-10 03:13:05,632 - data - INFO - 成功加载 002252.SZ 的数据，共 727 条记录
2025-04-10 03:13:06,050 - data - INFO - 成功加载 002304.SZ 的数据，共 727 条记录
2025-04-10 03:13:06,843 - data - INFO - 成功加载 002311.SZ 的数据，共 727 条记录
2025-04-10 03:13:07,212 - data - INFO - 成功加载 600000.SH 的数据，共 727 条记录
2025-04-10 03:13:07,562 - data - INFO - 成功加载 600009.SH 的数据，共 716 条记录
2025-04-10 03:13:07,880 - data - INFO - 成功加载 600016.SH 的数据，共 727 条记录
2025-04-10 03:13:08,478 - data - INFO - 成功加载 600031.SH 的数据，共 727 条记录
2025-04-10 03:13:08,815 - data - INFO - 成功加载 600036.SH 的数据，共 727 条记录
2025-04-10 03:13:09,278 - data - INFO - 成功加载 600104.SH 的数据，共 727 条记录
2025-04-10 03:13:09,617 - data - INFO - 成功加载 600196.SH 的数据，共 727 条记录
2025-04-10 03:13:09,970 - data - INFO - 成功加载 600276.SH 的数据，共 727 条记录
2025-04-10 03:13:10,377 - data - INFO - 成功加载 600519.SH 的数据，共 727 条记录
2025-04-10 03:13:10,667 - data - INFO - 成功加载 600585.SH 的数据，共 727 条记录
2025-04-10 03:13:10,965 - data - INFO - 成功加载 600690.SH 的数据，共 727 条记录
2025-04-10 03:13:11,291 - data - INFO - 成功加载 600887.SH 的数据，共 727 条记录
2025-04-10 03:13:11,618 - data - INFO - 成功加载 601012.SH 的数据，共 727 条记录
2025-04-10 03:13:11,908 - data - INFO - 成功加载 601088.SH 的数据，共 727 条记录
2025-04-10 03:13:12,495 - data - INFO - 成功加载 601166.SH 的数据，共 727 条记录
2025-04-10 03:13:13,050 - data - INFO - 成功加载 601318.SH 的数据，共 727 条记录
2025-04-10 03:13:13,463 - data - INFO - 成功加载 601398.SH 的数据，共 727 条记录
2025-04-10 03:13:13,990 - data - INFO - 成功加载 601601.SH 的数据，共 727 条记录
2025-04-10 03:13:14,331 - data - INFO - 成功加载 601688.SH 的数据，共 727 条记录
2025-04-10 03:13:14,662 - data - INFO - 成功加载 601888.SH 的数据，共 727 条记录
2025-04-10 03:13:14,662 - data - INFO - 数据加载完成，共加载 50 只股票的数据
2025-04-10 03:13:14,663 - __main__ - INFO - 正在初始化增强型量子爆发策略...
2025-04-10 03:13:14,663 - __main__ - INFO - 正在初始化投资组合...
2025-04-10 03:13:14,663 - __main__ - INFO - 开始运行回测...
2025-04-10 03:13:14,663 - backtest - INFO - 开始回测...
2025-04-10 03:13:14,663 - backtest - INFO - 回测区间: 20210101 - 20231231
2025-04-10 03:13:14,664 - backtest - INFO - 回测标的: 000001.SH, 399001.SZ, 000300.SH, 000001.SZ, 000002.SZ, 000063.SZ, 000066.SZ, 000333.SZ, 000651.SZ, 000725.SZ, 000776.SZ, 000858.SZ, 000999.SZ, 001979.SZ, 002001.SZ, 002007.SZ, 002024.SZ, 002027.SZ, 002032.SZ, 002050.SZ, 002064.SZ, 002074.SZ, 002129.SZ, 002142.SZ, 002157.SZ, 002179.SZ, 002202.SZ, 002230.SZ, 002236.SZ, 002241.SZ, 002252.SZ, 002304.SZ, 002311.SZ, 600000.SH, 600009.SH, 600016.SH, 600031.SH, 600036.SH, 600104.SH, 600196.SH, 600276.SH, 600519.SH, 600585.SH, 600690.SH, 600887.SH, 601012.SH, 601088.SH, 601166.SH, 601318.SH, 601398.SH, 601601.SH, 601688.SH, 601888.SH
2025-04-10 03:13:14,664 - backtest - INFO - 初始资金: 2,000,000.00
2025-04-10 03:13:14,664 - data - INFO - 数据处理器已重置
2025-04-10 03:13:14,664 - data - INFO - Tushare数据处理器已重置
2025-04-10 03:13:14,664 - quantum_burst_strategy_enhanced - WARNING - 无法获取市场指数数据，使用所有股票平均表
2025-04-10 03:13:14,665 - quantum_burst_strategy_enhanced - WARNING - 无法计算合成指数，使用默认市场状态
2025-04-10 03:13:14,836 - backtest - INFO - 回测完成，共处理 727 个事件
2025-04-10 03:13:14,836 - backtest - INFO - - 生成 0 个信号
2025-04-10 03:13:14,836 - backtest - INFO - - 生成 0 个订单
2025-04-10 03:13:14,837 - backtest - INFO - - 成交 0 笔交易
2025-04-10 03:13:14,837 - __main__ - INFO - 
=== 回测结果 ===
2025-04-10 03:13:14,838 - __main__ - INFO - 最终资金: 2,000,000.00
2025-04-10 03:13:14,838 - __main__ - INFO - 总收益率: 0.00%
2025-04-10 03:13:14,838 - __main__ - INFO - 年化收益率: 0.00%
2025-04-10 03:13:14,839 - __main__ - INFO - 最大回撤: 0.00%
2025-04-10 03:13:14,839 - __main__ - INFO - 夏普比率: 0
2025-04-10 03:13:14,839 - __main__ - INFO - 回测完成!
