2025-04-10 03:10:39,749 - __main__ - INFO - =============================================
2025-04-10 03:10:39,749 - __main__ - INFO - 超神量子爆发策略增强版 - 回测启动
2025-04-10 03:10:39,750 - __main__ - INFO - 回测区间: 20210101 - 20231231
2025-04-10 03:10:39,750 - __main__ - INFO - 回测标的: 53 只股票
2025-04-10 03:10:39,750 - __main__ - INFO - 初始资金: 2,000,000.00
2025-04-10 03:10:39,751 - __main__ - INFO - =============================================
2025-04-10 03:10:39,752 - __main__ - INFO - 正在加载市场数据...
2025-04-10 03:10:40,039 - data - WARNING - 无法获取 000001.SH 的数据
2025-04-10 03:10:40,286 - data - WARNING - 无法获取 399001.SZ 的数据
2025-04-10 03:10:40,389 - data - WARNING - 无法获取 000300.SH 的数据
2025-04-10 03:10:40,795 - data - INFO - 成功加载 000001.SZ 的数据，共 727 条记录
2025-04-10 03:10:41,295 - data - INFO - 成功加载 000002.SZ 的数据，共 727 条记录
2025-04-10 03:10:42,386 - data - INFO - 成功加载 000063.SZ 的数据，共 726 条记录
2025-04-10 03:10:43,115 - data - INFO - 成功加载 000066.SZ 的数据，共 727 条记录
2025-04-10 03:10:43,598 - data - INFO - 成功加载 000333.SZ 的数据，共 727 条记录
2025-04-10 03:10:44,062 - data - INFO - 成功加载 000651.SZ 的数据，共 727 条记录
2025-04-10 03:10:44,407 - data - INFO - 成功加载 000725.SZ 的数据，共 727 条记录
2025-04-10 03:10:44,911 - data - INFO - 成功加载 000776.SZ 的数据，共 727 条记录
2025-04-10 03:10:45,477 - data - INFO - 成功加载 000858.SZ 的数据，共 727 条记录
2025-04-10 03:10:46,079 - data - INFO - 成功加载 000999.SZ 的数据，共 727 条记录
2025-04-10 03:10:46,541 - data - INFO - 成功加载 001979.SZ 的数据，共 717 条记录
2025-04-10 03:10:47,040 - data - INFO - 成功加载 002001.SZ 的数据，共 727 条记录
2025-04-10 03:10:47,469 - data - INFO - 成功加载 002007.SZ 的数据，共 727 条记录
2025-04-10 03:10:47,899 - data - INFO - 成功加载 002024.SZ 的数据，共 710 条记录
2025-04-10 03:10:48,600 - data - INFO - 成功加载 002027.SZ 的数据，共 727 条记录
2025-04-10 03:10:48,947 - data - INFO - 成功加载 002032.SZ 的数据，共 727 条记录
2025-04-10 03:10:49,423 - data - INFO - 成功加载 002050.SZ 的数据，共 727 条记录
2025-04-10 03:10:49,778 - data - INFO - 成功加载 002064.SZ 的数据，共 727 条记录
2025-04-10 03:10:50,226 - data - INFO - 成功加载 002074.SZ 的数据，共 727 条记录
2025-04-10 03:10:50,703 - data - INFO - 成功加载 002129.SZ 的数据，共 727 条记录
2025-04-10 03:10:51,337 - data - INFO - 成功加载 002142.SZ 的数据，共 721 条记录
2025-04-10 03:10:52,665 - data - INFO - 成功加载 002157.SZ 的数据，共 725 条记录
2025-04-10 03:10:53,570 - data - INFO - 成功加载 002179.SZ 的数据，共 727 条记录
2025-04-10 03:10:54,816 - data - INFO - 成功加载 002202.SZ 的数据，共 727 条记录
2025-04-10 03:10:56,300 - data - INFO - 成功加载 002230.SZ 的数据，共 727 条记录
2025-04-10 03:10:56,861 - data - INFO - 成功加载 002236.SZ 的数据，共 727 条记录
2025-04-10 03:10:57,480 - data - INFO - 成功加载 002241.SZ 的数据，共 727 条记录
2025-04-10 03:10:57,986 - data - INFO - 成功加载 002252.SZ 的数据，共 727 条记录
2025-04-10 03:10:58,556 - data - INFO - 成功加载 002304.SZ 的数据，共 727 条记录
2025-04-10 03:10:59,961 - data - INFO - 成功加载 002311.SZ 的数据，共 727 条记录
2025-04-10 03:11:00,458 - data - INFO - 成功加载 600000.SH 的数据，共 727 条记录
2025-04-10 03:11:01,079 - data - INFO - 成功加载 600009.SH 的数据，共 716 条记录
2025-04-10 03:11:01,625 - data - INFO - 成功加载 600016.SH 的数据，共 727 条记录
2025-04-10 03:11:01,992 - data - INFO - 成功加载 600031.SH 的数据，共 727 条记录
2025-04-10 03:11:02,362 - data - INFO - 成功加载 600036.SH 的数据，共 727 条记录
2025-04-10 03:11:02,956 - data - INFO - 成功加载 600104.SH 的数据，共 727 条记录
2025-04-10 03:11:03,379 - data - INFO - 成功加载 600196.SH 的数据，共 727 条记录
2025-04-10 03:11:03,867 - data - INFO - 成功加载 600276.SH 的数据，共 727 条记录
2025-04-10 03:11:04,281 - data - INFO - 成功加载 600519.SH 的数据，共 727 条记录
2025-04-10 03:11:04,747 - data - INFO - 成功加载 600585.SH 的数据，共 727 条记录
2025-04-10 03:11:05,210 - data - INFO - 成功加载 600690.SH 的数据，共 727 条记录
2025-04-10 03:11:05,599 - data - INFO - 成功加载 600887.SH 的数据，共 727 条记录
2025-04-10 03:11:06,070 - data - INFO - 成功加载 601012.SH 的数据，共 727 条记录
2025-04-10 03:11:06,369 - data - INFO - 成功加载 601088.SH 的数据，共 727 条记录
2025-04-10 03:11:06,886 - data - INFO - 成功加载 601166.SH 的数据，共 727 条记录
2025-04-10 03:11:07,571 - data - INFO - 成功加载 601318.SH 的数据，共 727 条记录
2025-04-10 03:11:07,897 - data - INFO - 成功加载 601398.SH 的数据，共 727 条记录
2025-04-10 03:11:08,467 - data - INFO - 成功加载 601601.SH 的数据，共 727 条记录
2025-04-10 03:11:09,027 - data - INFO - 成功加载 601688.SH 的数据，共 727 条记录
2025-04-10 03:11:09,710 - data - INFO - 成功加载 601888.SH 的数据，共 727 条记录
2025-04-10 03:11:09,710 - data - INFO - 数据加载完成，共加载 50 只股票的数据
2025-04-10 03:11:09,710 - __main__ - INFO - 正在初始化增强型量子爆发策略...
2025-04-10 03:11:09,710 - __main__ - INFO - 正在初始化投资组合...
2025-04-10 03:11:09,710 - __main__ - INFO - 开始运行回测...
2025-04-10 03:11:09,711 - backtest - INFO - 开始回测...
2025-04-10 03:11:09,711 - backtest - INFO - 回测区间: 20210101 - 20231231
2025-04-10 03:11:09,711 - backtest - INFO - 回测标的: 000001.SH, 399001.SZ, 000300.SH, 000001.SZ, 000002.SZ, 000063.SZ, 000066.SZ, 000333.SZ, 000651.SZ, 000725.SZ, 000776.SZ, 000858.SZ, 000999.SZ, 001979.SZ, 002001.SZ, 002007.SZ, 002024.SZ, 002027.SZ, 002032.SZ, 002050.SZ, 002064.SZ, 002074.SZ, 002129.SZ, 002142.SZ, 002157.SZ, 002179.SZ, 002202.SZ, 002230.SZ, 002236.SZ, 002241.SZ, 002252.SZ, 002304.SZ, 002311.SZ, 600000.SH, 600009.SH, 600016.SH, 600031.SH, 600036.SH, 600104.SH, 600196.SH, 600276.SH, 600519.SH, 600585.SH, 600690.SH, 600887.SH, 601012.SH, 601088.SH, 601166.SH, 601318.SH, 601398.SH, 601601.SH, 601688.SH, 601888.SH
2025-04-10 03:11:09,712 - backtest - INFO - 初始资金: 2,000,000.00
2025-04-10 03:11:09,713 - data - INFO - 数据处理器已重置
2025-04-10 03:11:09,713 - data - INFO - Tushare数据处理器已重置
2025-04-10 03:11:09,714 - quantum_burst_strategy_enhanced - WARNING - 无法获取市场指数数据，使用所有股票平均表
2025-04-10 03:11:09,714 - quantum_burst_strategy_enhanced - WARNING - 没有可用的股票数据，使用默认市场状态
2025-04-10 03:11:09,936 - backtest - INFO - 回测完成，共处理 727 个事件
2025-04-10 03:11:09,937 - backtest - INFO - - 生成 0 个信号
2025-04-10 03:11:09,939 - backtest - INFO - - 生成 0 个订单
2025-04-10 03:11:09,941 - backtest - INFO - - 成交 0 笔交易
2025-04-10 03:11:09,941 - __main__ - INFO - 
=== 回测结果 ===
2025-04-10 03:11:09,941 - __main__ - INFO - 最终资金: 2,000,000.00
2025-04-10 03:11:09,942 - __main__ - INFO - 总收益率: 0.00%
2025-04-10 03:11:09,944 - __main__ - INFO - 年化收益率: 0.00%
2025-04-10 03:11:09,945 - __main__ - INFO - 最大回撤: 0.00%
2025-04-10 03:11:09,945 - __main__ - INFO - 夏普比率: 0
2025-04-10 03:11:09,945 - __main__ - INFO - 回测完成!
