2025-04-10 12:50:55,843 [INFO] SupergodDesktopLauncher: ==================================================
2025-04-10 12:50:55,843 [INFO] SupergodDesktopLauncher: 超神量子共生系统 - 桌面版启动器
2025-04-10 12:50:55,843 [INFO] SupergodDesktopLauncher: ==================================================
2025-04-10 12:50:55,844 [INFO] SupergodDesktopLauncher: 切换到目录: /Users/mac/Desktop/QTS/SuperQuantumNetwork/backup_current
2025-04-10 12:51:08,661 [INFO] SupergodDesktopLauncher: 成功导入桌面版模块
2025-04-10 12:51:08,664 [INFO] SupergodDesktopLauncher: 正在启动桌面版应用...
2025-04-10 12:51:10,059 [INFO] SupergodDesktop: 正在加载演示数据...
2025-04-10 12:51:10,062 [INFO] SupergodDesktop: 超神量子共生系统 - 桌面版已加载
2025-04-10 12:51:10,062 [INFO] SupergodDesktop: 已加载系统配置: /Users/mac/.supergod_config.json
2025-04-10 12:51:10,062 [INFO] SupergodDesktop: 欢迎使用超神量子共生系统 - 桌面版
2025-04-10 12:51:10,063 [INFO] SupergodDesktop: 系统版本: 1.0.0
2025-04-10 12:51:10,063 [INFO] SupergodDesktop: 时间: 2025-04-10 12:51:10
2025-04-10 12:51:10,063 [INFO] SupergodDesktop: 输入'help'查看可用命令
2025-04-10 12:51:10,095 [INFO] SupergodDesktop: 已加载系统配置: /Users/mac/.supergod_config.json
2025-04-10 12:51:10,096 [INFO] SupergodDesktop: [成功] 欢迎使用超神量子共生系统 - 桌面版
2025-04-10 12:51:10,103 [INFO] SupergodDesktop: 系统版本: 1.0.0
2025-04-10 12:51:10,104 [INFO] SupergodDesktop: 时间: 2025-04-10 12:51:10
2025-04-10 12:51:10,105 [INFO] SupergodDesktop: 输入'help'查看可用命令
2025-04-10 12:51:10,348 [INFO] SupergodDesktop: [成功] 数据加载完成，共 262 条记录
2025-04-10 12:51:10,540 [INFO] SupergodDesktop: 市场数据表已更新，显示 100 条记录
2025-04-10 12:51:10,541 [INFO] SupergodDesktop: 更新图表，此功能尚未完全实现
2025-04-10 12:51:13,190 [INFO] SupergodDesktopLauncher: 桌面版应用启动成功
