2025-04-10 05:35:54,330 - SuperGodEnhanced - INFO - 启动超神量子共生系统 - 增强版
2025-04-10 05:35:54,333 - SuperGodEnhanced - INFO - 运行模式: backtest
2025-04-10 05:35:54,334 - SuperGodEnhanced - INFO - 策略类型: quantum
2025-04-10 05:35:54,342 - SuperGodEnhanced - INFO - 回测区间: 20230101 - 20230331
2025-04-10 05:35:54,343 - SuperGodEnhanced - INFO - 初始资金: 2,000,000.00
2025-04-10 05:35:54,344 - SuperGodEnhanced - INFO - 基准指数: 000001.SH
2025-04-10 05:35:54,344 - SuperGodEnhanced - INFO - 初始化数据集成服务...
2025-04-10 05:35:54,436 - test_tushare_integrator - INFO - Tushare API初始化成功
2025-04-10 05:35:54,437 - data_integration - INFO - 超神数据集成服务初始化完成
2025-04-10 05:35:54,439 - data_integration - INFO - 开始初始化数据服务...
2025-04-10 05:35:54,640 - test_tushare_integrator - INFO - Tushare连接测试成功，获取到 10 条交易日历数据
2025-04-10 05:35:54,641 - data_integration - INFO - 开始预加载市场数据...
2025-04-10 05:35:54,646 - data_integration - INFO - 预加载指数数据: 000001.SH
2025-04-10 05:35:54,846 - test_tushare_integrator - INFO - 获取到 21 条指数日线数据
2025-04-10 05:35:54,847 - data_integration - INFO - 预加载指数数据: 399001.SZ
2025-04-10 05:35:55,074 - test_tushare_integrator - INFO - 获取到 21 条指数日线数据
2025-04-10 05:35:55,077 - data_integration - INFO - 预加载指数数据: 000300.SH
2025-04-10 05:35:55,269 - test_tushare_integrator - INFO - 获取到 21 条指数日线数据
2025-04-10 05:35:55,271 - data_integration - INFO - 预加载指数数据: 000016.SH
2025-04-10 05:35:55,424 - test_tushare_integrator - INFO - 获取到 21 条指数日线数据
2025-04-10 05:35:56,056 - test_tushare_integrator - INFO - 获取到 5408 只股票的基本信息
2025-04-10 05:35:56,056 - data_integration - INFO - 预加载市场数据完成
2025-04-10 05:35:56,057 - data_integration - INFO - 数据服务初始化完成
2025-04-10 05:35:56,058 - SuperGodEnhanced - INFO - 开始回测过程...
2025-04-10 05:35:56,080 - SuperGodEnhanced - INFO - 运行基础量子爆发策略回测...
2025-04-10 05:35:56,080 - test_quantum_strategy - INFO - 开始初始化回测环境...
2025-04-10 05:35:56,081 - test_quantum_strategy - INFO - 回测区间: 20210101 - 20231231
2025-04-10 05:35:56,082 - test_quantum_strategy - INFO - 回测标的: 50 只股票
2025-04-10 05:35:56,083 - test_quantum_strategy - INFO - 初始资金: 2,000,000.00
2025-04-10 05:35:56,083 - test_quantum_strategy - INFO - 正在加载市场数据...
2025-04-10 05:35:56,092 - data - INFO - 加载 10 个指数 和 40 只股票
2025-04-10 05:35:56,931 - data - INFO - 成功加载股票 001979.SZ 的数据，共 717 条记录
2025-04-10 05:35:57,600 - data - INFO - 成功加载股票 002001.SZ 的数据，共 727 条记录
2025-04-10 05:35:58,166 - data - INFO - 成功加载股票 002007.SZ 的数据，共 727 条记录
2025-04-10 05:35:58,669 - data - INFO - 成功加载股票 002024.SZ 的数据，共 710 条记录
2025-04-10 05:35:59,112 - data - INFO - 成功加载股票 002027.SZ 的数据，共 727 条记录
2025-04-10 05:35:59,697 - data - INFO - 成功加载股票 002032.SZ 的数据，共 727 条记录
2025-04-10 05:36:00,199 - data - INFO - 成功加载股票 002050.SZ 的数据，共 727 条记录
2025-04-10 05:36:00,869 - data - INFO - 成功加载股票 002064.SZ 的数据，共 727 条记录
2025-04-10 05:36:01,618 - data - INFO - 成功加载股票 002074.SZ 的数据，共 727 条记录
2025-04-10 05:36:02,493 - data - INFO - 成功加载股票 002129.SZ 的数据，共 727 条记录
2025-04-10 05:36:03,260 - data - INFO - 成功加载股票 002142.SZ 的数据，共 721 条记录
2025-04-10 05:36:03,889 - data - INFO - 成功加载股票 002157.SZ 的数据，共 725 条记录
2025-04-10 05:36:04,410 - data - INFO - 成功加载股票 002179.SZ 的数据，共 727 条记录
2025-04-10 05:36:04,984 - data - INFO - 成功加载股票 002202.SZ 的数据，共 727 条记录
2025-04-10 05:36:05,575 - data - INFO - 成功加载股票 002230.SZ 的数据，共 727 条记录
2025-04-10 05:36:06,259 - data - INFO - 成功加载股票 002236.SZ 的数据，共 727 条记录
2025-04-10 05:36:06,789 - data - INFO - 成功加载股票 002241.SZ 的数据，共 727 条记录
2025-04-10 05:36:07,330 - data - INFO - 成功加载股票 002252.SZ 的数据，共 727 条记录
2025-04-10 05:36:07,967 - data - INFO - 成功加载股票 002304.SZ 的数据，共 727 条记录
2025-04-10 05:36:08,639 - data - INFO - 成功加载股票 002311.SZ 的数据，共 727 条记录
2025-04-10 05:36:09,116 - data - INFO - 成功加载股票 600000.SH 的数据，共 727 条记录
2025-04-10 05:36:09,650 - data - INFO - 成功加载股票 600009.SH 的数据，共 716 条记录
2025-04-10 05:36:10,032 - data - INFO - 成功加载股票 600016.SH 的数据，共 727 条记录
2025-04-10 05:36:10,390 - data - INFO - 成功加载股票 600031.SH 的数据，共 727 条记录
2025-04-10 05:36:10,844 - data - INFO - 成功加载股票 600036.SH 的数据，共 727 条记录
2025-04-10 05:36:11,346 - data - INFO - 成功加载股票 600104.SH 的数据，共 727 条记录
2025-04-10 05:36:11,710 - data - INFO - 成功加载股票 600196.SH 的数据，共 727 条记录
2025-04-10 05:36:12,179 - data - INFO - 成功加载股票 600276.SH 的数据，共 727 条记录
2025-04-10 05:36:12,752 - data - INFO - 成功加载股票 600519.SH 的数据，共 727 条记录
2025-04-10 05:36:13,725 - data - INFO - 成功加载股票 600585.SH 的数据，共 727 条记录
2025-04-10 05:36:14,290 - data - INFO - 成功加载股票 600690.SH 的数据，共 727 条记录
2025-04-10 05:36:14,635 - data - INFO - 成功加载股票 600887.SH 的数据，共 727 条记录
2025-04-10 05:36:15,053 - data - INFO - 成功加载股票 601012.SH 的数据，共 727 条记录
2025-04-10 05:36:15,729 - data - INFO - 成功加载股票 601088.SH 的数据，共 727 条记录
2025-04-10 05:36:16,295 - data - INFO - 成功加载股票 601166.SH 的数据，共 727 条记录
2025-04-10 05:36:17,190 - data - INFO - 成功加载股票 601318.SH 的数据，共 727 条记录
2025-04-10 05:36:17,878 - data - INFO - 成功加载股票 601398.SH 的数据，共 727 条记录
2025-04-10 05:36:18,489 - data - INFO - 成功加载股票 601601.SH 的数据，共 727 条记录
2025-04-10 05:36:19,961 - data - INFO - 成功加载股票 601688.SH 的数据，共 727 条记录
2025-04-10 05:36:21,423 - data - INFO - 成功加载股票 601888.SH 的数据，共 727 条记录
2025-04-10 05:36:21,681 - data - WARNING - 无法获取指数 000001.SZ 的数据，可能是积分不足或API权限限制
2025-04-10 05:36:21,875 - data - WARNING - 无法获取指数 000002.SZ 的数据，可能是积分不足或API权限限制
2025-04-10 05:36:22,044 - data - WARNING - 无法获取指数 000063.SZ 的数据，可能是积分不足或API权限限制
2025-04-10 05:36:22,518 - data - WARNING - 无法获取指数 000066.SZ 的数据，可能是积分不足或API权限限制
2025-04-10 05:36:23,046 - data - WARNING - 无法获取指数 000333.SZ 的数据，可能是积分不足或API权限限制
2025-04-10 05:36:23,365 - data - WARNING - 无法获取指数 000651.SZ 的数据，可能是积分不足或API权限限制
2025-04-10 05:36:23,551 - data - WARNING - 无法获取指数 000725.SZ 的数据，可能是积分不足或API权限限制
2025-04-10 05:36:23,732 - data - WARNING - 无法获取指数 000776.SZ 的数据，可能是积分不足或API权限限制
2025-04-10 05:36:23,974 - data - WARNING - 无法获取指数 000858.SZ 的数据，可能是积分不足或API权限限制
2025-04-10 05:36:24,176 - data - WARNING - 无法获取指数 000999.SZ 的数据，可能是积分不足或API权限限制
2025-04-10 05:36:24,176 - data - INFO - 数据加载完成，共加载 40 只股票/指数的数据
2025-04-10 05:36:24,177 - test_quantum_strategy - INFO - 正在初始化交易策略...
2025-04-10 05:36:24,178 - test_quantum_strategy - INFO - 正在初始化投资组合...
2025-04-10 05:36:24,178 - test_quantum_strategy - INFO - 开始运行回测...
2025-04-10 05:36:24,178 - backtest - INFO - 开始回测...
2025-04-10 05:36:24,178 - backtest - INFO - 回测区间: 20210101 - 20231231
2025-04-10 05:36:24,179 - backtest - INFO - 回测标的: 000001.SZ, 000002.SZ, 000063.SZ, 000066.SZ, 000333.SZ, 000651.SZ, 000725.SZ, 000776.SZ, 000858.SZ, 000999.SZ, 001979.SZ, 002001.SZ, 002007.SZ, 002024.SZ, 002027.SZ, 002032.SZ, 002050.SZ, 002064.SZ, 002074.SZ, 002129.SZ, 002142.SZ, 002157.SZ, 002179.SZ, 002202.SZ, 002230.SZ, 002236.SZ, 002241.SZ, 002252.SZ, 002304.SZ, 002311.SZ, 600000.SH, 600009.SH, 600016.SH, 600031.SH, 600036.SH, 600104.SH, 600196.SH, 600276.SH, 600519.SH, 600585.SH, 600690.SH, 600887.SH, 601012.SH, 601088.SH, 601166.SH, 601318.SH, 601398.SH, 601601.SH, 601688.SH, 601888.SH
2025-04-10 05:36:24,180 - backtest - INFO - 初始资金: 2,000,000.00
2025-04-10 05:36:24,180 - data - INFO - 数据处理器已重置
2025-04-10 05:36:24,181 - data - INFO - Tushare数据处理器已重置
2025-04-10 05:42:06,485 - backtest - INFO - 回测完成，共处理 727 个事件
2025-04-10 05:42:06,486 - backtest - INFO - - 生成 0 个信号
2025-04-10 05:42:06,486 - backtest - INFO - - 生成 0 个订单
2025-04-10 05:42:06,487 - backtest - INFO - - 成交 0 笔交易
2025-04-10 05:42:06,487 - test_quantum_strategy - INFO - 
=== 回测结果 ===
2025-04-10 05:42:06,487 - test_quantum_strategy - INFO - 最终资金: 2,000,000.00
2025-04-10 05:42:06,487 - test_quantum_strategy - INFO - 总收益率: 0.00%
2025-04-10 05:42:06,488 - test_quantum_strategy - INFO - 年化收益率: 0.00%
2025-04-10 05:42:06,488 - test_quantum_strategy - INFO - 最大回撤: 0.00%
2025-04-10 05:42:06,488 - test_quantum_strategy - INFO - 夏普比率: 0.00
2025-04-10 05:42:06,523 - SuperGodEnhanced - INFO - 基础量子爆发策略回测完成
2025-04-10 05:42:06,524 - SuperGodEnhanced - INFO - 超神量子共生系统 - 增强版 运行完成
