2025-04-10 21:28:21,532 - QuantumDesktop.ConfigManager - INFO - 配置加载成功
2025-04-10 21:28:21,533 - QuantumDesktop.ConfigManager - INFO - 配置管理器初始化完成，配置路径: /Users/mac/.quantum_desktop/config.json
2025-04-10 21:28:21,537 - QuantumDesktop.StyleManager - INFO - 样式管理器初始化完成
2025-04-10 21:28:21,537 - QuantumDesktop.StyleManager - INFO - 应用主题: dark
2025-04-10 21:28:23,592 - QuantumDesktop.SystemManager - INFO - 系统管理器初始化完成
2025-04-10 21:28:23,823 - QuantumDesktop.ComponentStatusWidget - INFO - 组件状态小部件初始化完成
2025-04-10 21:28:23,880 - QuantumDesktop.DashboardPanel - INFO - 仪表盘面板初始化完成
2025-04-10 21:28:23,905 - QuantumDesktop.QuantumCircuitPanel - INFO - 量子电路面板初始化完成
2025-04-10 21:28:24,042 - QuantumDesktop.MarketAnalysisPanel - INFO - 市场分析面板初始化完成
2025-04-10 21:28:24,101 - QuantumDesktop.MainWindow - INFO - 主窗口创建完成
2025-04-10 21:28:24,103 - QuantumDesktop - INFO - 应用程序初始化完成
2025-04-10 21:28:26,499 - QuantumDesktop - INFO - 应用程序启动完成
2025-04-10 21:28:36,994 - QuantumDesktop.MainWindow - INFO - 启动量子核心系统
2025-04-10 21:28:36,994 - QuantumDesktop.SystemManager - INFO - 启动量子核心系统...
2025-04-10 21:28:36,994 - quantum_core.quantum_backend - INFO - 初始化量子后端: quantum_simulator, 类型: simulator, 最大量子比特: 24
2025-04-10 21:28:36,994 - quantum_core.quantum_backend - INFO - 正在启动量子后端...
2025-04-10 21:28:37,495 - quantum_core.quantum_backend - INFO - 量子后端启动成功
2025-04-10 21:28:37,496 - QuantumDesktop.SystemManager - INFO - 量子后端启动成功
2025-04-10 21:28:37,496 - quantum_core.market_to_quantum - INFO - 注册编码方法: amplitude
2025-04-10 21:28:37,496 - quantum_core.market_to_quantum - INFO - 注册编码方法: angle
2025-04-10 21:28:37,496 - quantum_core.market_to_quantum - INFO - 注册编码方法: binary
2025-04-10 21:28:37,496 - quantum_core.market_to_quantum - INFO - 注册了 3 个默认编码方法
2025-04-10 21:28:37,497 - quantum_core.market_to_quantum - INFO - 市场到量子转换器初始化完成
2025-04-10 21:28:37,497 - quantum_core.market_to_quantum - INFO - 启动市场到量子转换器...
2025-04-10 21:28:37,497 - quantum_core.market_to_quantum - INFO - 市场到量子转换器启动完成
2025-04-10 21:28:37,497 - QuantumDesktop.SystemManager - INFO - 市场到量子转换器启动成功
2025-04-10 21:28:37,497 - quantum_core.quantum_interpreter - INFO - 注册解释方法: probability
2025-04-10 21:28:37,497 - quantum_core.quantum_interpreter - INFO - 注册解释方法: threshold
2025-04-10 21:28:37,497 - quantum_core.quantum_interpreter - INFO - 注册解释方法: relative
2025-04-10 21:28:37,498 - quantum_core.quantum_interpreter - INFO - 注册了 3 个默认解释方法
2025-04-10 21:28:37,498 - quantum_core.quantum_interpreter - INFO - 量子解释器初始化完成
2025-04-10 21:28:37,498 - quantum_core.quantum_interpreter - INFO - 启动量子解释器...
2025-04-10 21:28:37,498 - quantum_core.quantum_interpreter - INFO - 量子解释器启动完成
2025-04-10 21:28:37,498 - QuantumDesktop.SystemManager - INFO - 量子解释器启动成功
2025-04-10 21:28:37,498 - quantum_core.multidimensional_analysis - INFO - 多维分析器初始化完成
2025-04-10 21:28:37,499 - quantum_core.multidimensional_analysis - INFO - 启动多维分析器...
2025-04-10 21:28:37,499 - quantum_core.multidimensional_analysis - INFO - 多维分析器启动完成
2025-04-10 21:28:37,499 - QuantumDesktop.SystemManager - INFO - 市场分析器启动成功
2025-04-10 21:28:37,499 - QuantumDesktop.SystemManager - INFO - 开始系统监控
2025-04-10 21:28:37,499 - QuantumDesktop.SystemManager - INFO - 量子核心系统启动完成
2025-04-10 21:28:37,643 - QuantumDesktop.SystemManager - ERROR - 执行事件回调时出错: QMetaObject.invokeMethod() call failed
2025-04-10 21:28:38,260 - QuantumDesktop.MainWindow - INFO - 停止量子核心系统
2025-04-10 21:28:38,261 - QuantumDesktop.SystemManager - INFO - 停止量子核心系统...
2025-04-10 21:28:38,649 - QuantumDesktop.SystemManager - INFO - 系统监控结束
2025-04-10 21:28:38,649 - quantum_core.multidimensional_analysis - INFO - 停止多维分析器...
2025-04-10 21:28:38,650 - quantum_core.multidimensional_analysis - INFO - 多维分析器已停止
2025-04-10 21:28:38,650 - QuantumDesktop.SystemManager - INFO - analyzer 停止成功
2025-04-10 21:28:38,651 - quantum_core.quantum_interpreter - INFO - 停止量子解释器...
2025-04-10 21:28:38,651 - quantum_core.quantum_interpreter - INFO - 量子解释器已停止
2025-04-10 21:28:38,651 - QuantumDesktop.SystemManager - INFO - interpreter 停止成功
2025-04-10 21:28:38,651 - quantum_core.market_to_quantum - INFO - 停止市场到量子转换器...
2025-04-10 21:28:38,651 - quantum_core.market_to_quantum - INFO - 市场到量子转换器已停止
2025-04-10 21:28:38,652 - QuantumDesktop.SystemManager - INFO - converter 停止成功
2025-04-10 21:28:38,652 - quantum_core.quantum_backend - INFO - 正在停止量子后端...
2025-04-10 21:28:38,952 - quantum_core.quantum_backend - INFO - 量子后端已停止
2025-04-10 21:28:38,952 - QuantumDesktop.SystemManager - INFO - backend 停止成功
2025-04-10 21:28:38,953 - QuantumDesktop.SystemManager - INFO - 量子核心系统已停止
2025-04-10 21:28:41,309 - QuantumDesktop.MainWindow - INFO - 启动量子核心系统
2025-04-10 21:28:41,309 - QuantumDesktop.SystemManager - INFO - 启动量子核心系统...
2025-04-10 21:28:41,310 - quantum_core.quantum_backend - INFO - 初始化量子后端: quantum_simulator, 类型: simulator, 最大量子比特: 24
2025-04-10 21:28:41,310 - quantum_core.quantum_backend - INFO - 正在启动量子后端...
2025-04-10 21:28:41,811 - quantum_core.quantum_backend - INFO - 量子后端启动成功
2025-04-10 21:28:41,811 - QuantumDesktop.SystemManager - INFO - 量子后端启动成功
2025-04-10 21:28:41,812 - quantum_core.market_to_quantum - INFO - 注册编码方法: amplitude
2025-04-10 21:28:41,812 - quantum_core.market_to_quantum - INFO - 注册编码方法: angle
2025-04-10 21:28:41,812 - quantum_core.market_to_quantum - INFO - 注册编码方法: binary
2025-04-10 21:28:41,813 - quantum_core.market_to_quantum - INFO - 注册了 3 个默认编码方法
2025-04-10 21:28:41,813 - quantum_core.market_to_quantum - INFO - 市场到量子转换器初始化完成
2025-04-10 21:28:41,813 - quantum_core.market_to_quantum - INFO - 启动市场到量子转换器...
2025-04-10 21:28:41,814 - quantum_core.market_to_quantum - INFO - 市场到量子转换器启动完成
2025-04-10 21:28:41,814 - QuantumDesktop.SystemManager - INFO - 市场到量子转换器启动成功
2025-04-10 21:28:41,814 - quantum_core.quantum_interpreter - INFO - 注册解释方法: probability
2025-04-10 21:28:41,814 - quantum_core.quantum_interpreter - INFO - 注册解释方法: threshold
2025-04-10 21:28:41,815 - quantum_core.quantum_interpreter - INFO - 注册解释方法: relative
2025-04-10 21:28:41,815 - quantum_core.quantum_interpreter - INFO - 注册了 3 个默认解释方法
2025-04-10 21:28:41,815 - quantum_core.quantum_interpreter - INFO - 量子解释器初始化完成
2025-04-10 21:28:41,815 - quantum_core.quantum_interpreter - INFO - 启动量子解释器...
2025-04-10 21:28:41,815 - quantum_core.quantum_interpreter - INFO - 量子解释器启动完成
2025-04-10 21:28:41,816 - QuantumDesktop.SystemManager - INFO - 量子解释器启动成功
2025-04-10 21:28:41,823 - quantum_core.multidimensional_analysis - INFO - 多维分析器初始化完成
2025-04-10 21:28:41,823 - quantum_core.multidimensional_analysis - INFO - 启动多维分析器...
2025-04-10 21:28:41,823 - quantum_core.multidimensional_analysis - INFO - 多维分析器启动完成
2025-04-10 21:28:41,824 - QuantumDesktop.SystemManager - INFO - 市场分析器启动成功
2025-04-10 21:28:41,824 - QuantumDesktop.SystemManager - INFO - 开始系统监控
2025-04-10 21:28:41,825 - QuantumDesktop.SystemManager - INFO - 量子核心系统启动完成
2025-04-10 21:28:41,926 - QuantumDesktop.SystemManager - ERROR - 执行事件回调时出错: QMetaObject.invokeMethod() call failed
2025-04-10 21:28:43,036 - QuantumDesktop.SystemManager - ERROR - 执行事件回调时出错: QMetaObject.invokeMethod() call failed
2025-04-10 21:28:44,141 - QuantumDesktop.SystemManager - ERROR - 执行事件回调时出错: QMetaObject.invokeMethod() call failed
2025-04-10 21:28:45,248 - QuantumDesktop.SystemManager - ERROR - 执行事件回调时出错: QMetaObject.invokeMethod() call failed
2025-04-10 21:28:46,351 - QuantumDesktop.SystemManager - ERROR - 执行事件回调时出错: QMetaObject.invokeMethod() call failed
2025-04-10 21:28:47,457 - QuantumDesktop.SystemManager - ERROR - 执行事件回调时出错: QMetaObject.invokeMethod() call failed
2025-04-10 21:28:48,566 - QuantumDesktop.SystemManager - ERROR - 执行事件回调时出错: QMetaObject.invokeMethod() call failed
2025-04-10 21:28:49,675 - QuantumDesktop.SystemManager - ERROR - 执行事件回调时出错: QMetaObject.invokeMethod() call failed
2025-04-10 21:28:50,784 - QuantumDesktop.SystemManager - ERROR - 执行事件回调时出错: QMetaObject.invokeMethod() call failed
2025-04-10 21:28:51,891 - QuantumDesktop.SystemManager - ERROR - 执行事件回调时出错: QMetaObject.invokeMethod() call failed
2025-04-10 21:28:52,994 - QuantumDesktop.SystemManager - ERROR - 执行事件回调时出错: QMetaObject.invokeMethod() call failed
2025-04-10 21:28:53,080 - QuantumDesktop.MainWindow - INFO - 停止量子核心系统
2025-04-10 21:28:53,081 - QuantumDesktop.SystemManager - INFO - 停止量子核心系统...
2025-04-10 21:28:54,002 - QuantumDesktop.SystemManager - INFO - 系统监控结束
2025-04-10 21:28:54,005 - quantum_core.multidimensional_analysis - INFO - 停止多维分析器...
2025-04-10 21:28:54,005 - quantum_core.multidimensional_analysis - INFO - 多维分析器已停止
2025-04-10 21:28:54,005 - QuantumDesktop.SystemManager - INFO - analyzer 停止成功
2025-04-10 21:28:54,005 - quantum_core.quantum_interpreter - INFO - 停止量子解释器...
2025-04-10 21:28:54,006 - quantum_core.quantum_interpreter - INFO - 量子解释器已停止
2025-04-10 21:28:54,006 - QuantumDesktop.SystemManager - INFO - interpreter 停止成功
2025-04-10 21:28:54,006 - quantum_core.market_to_quantum - INFO - 停止市场到量子转换器...
2025-04-10 21:28:54,006 - quantum_core.market_to_quantum - INFO - 市场到量子转换器已停止
2025-04-10 21:28:54,006 - QuantumDesktop.SystemManager - INFO - converter 停止成功
2025-04-10 21:28:54,006 - quantum_core.quantum_backend - INFO - 正在停止量子后端...
2025-04-10 21:28:54,307 - quantum_core.quantum_backend - INFO - 量子后端已停止
2025-04-10 21:28:54,307 - QuantumDesktop.SystemManager - INFO - backend 停止成功
2025-04-10 21:28:54,307 - QuantumDesktop.SystemManager - INFO - 量子核心系统已停止
2025-04-10 21:28:57,065 - QuantumDesktop.MainWindow - INFO - 启动量子核心系统
2025-04-10 21:28:57,065 - QuantumDesktop.SystemManager - INFO - 启动量子核心系统...
2025-04-10 21:28:57,066 - quantum_core.quantum_backend - INFO - 初始化量子后端: quantum_simulator, 类型: simulator, 最大量子比特: 24
2025-04-10 21:28:57,066 - quantum_core.quantum_backend - INFO - 正在启动量子后端...
2025-04-10 21:28:57,567 - quantum_core.quantum_backend - INFO - 量子后端启动成功
2025-04-10 21:28:57,568 - QuantumDesktop.SystemManager - INFO - 量子后端启动成功
2025-04-10 21:28:57,568 - quantum_core.market_to_quantum - INFO - 注册编码方法: amplitude
2025-04-10 21:28:57,568 - quantum_core.market_to_quantum - INFO - 注册编码方法: angle
2025-04-10 21:28:57,569 - quantum_core.market_to_quantum - INFO - 注册编码方法: binary
2025-04-10 21:28:57,569 - quantum_core.market_to_quantum - INFO - 注册了 3 个默认编码方法
2025-04-10 21:28:57,569 - quantum_core.market_to_quantum - INFO - 市场到量子转换器初始化完成
2025-04-10 21:28:57,569 - quantum_core.market_to_quantum - INFO - 启动市场到量子转换器...
2025-04-10 21:28:57,570 - quantum_core.market_to_quantum - INFO - 市场到量子转换器启动完成
2025-04-10 21:28:57,570 - QuantumDesktop.SystemManager - INFO - 市场到量子转换器启动成功
2025-04-10 21:28:57,570 - quantum_core.quantum_interpreter - INFO - 注册解释方法: probability
2025-04-10 21:28:57,571 - quantum_core.quantum_interpreter - INFO - 注册解释方法: threshold
2025-04-10 21:28:57,571 - quantum_core.quantum_interpreter - INFO - 注册解释方法: relative
2025-04-10 21:28:57,572 - quantum_core.quantum_interpreter - INFO - 注册了 3 个默认解释方法
2025-04-10 21:28:57,572 - quantum_core.quantum_interpreter - INFO - 量子解释器初始化完成
2025-04-10 21:28:57,572 - quantum_core.quantum_interpreter - INFO - 启动量子解释器...
2025-04-10 21:28:57,572 - quantum_core.quantum_interpreter - INFO - 量子解释器启动完成
2025-04-10 21:28:57,572 - QuantumDesktop.SystemManager - INFO - 量子解释器启动成功
2025-04-10 21:28:57,572 - quantum_core.multidimensional_analysis - INFO - 多维分析器初始化完成
2025-04-10 21:28:57,572 - quantum_core.multidimensional_analysis - INFO - 启动多维分析器...
2025-04-10 21:28:57,573 - quantum_core.multidimensional_analysis - INFO - 多维分析器启动完成
2025-04-10 21:28:57,573 - QuantumDesktop.SystemManager - INFO - 市场分析器启动成功
2025-04-10 21:28:57,573 - QuantumDesktop.SystemManager - INFO - 开始系统监控
2025-04-10 21:28:57,574 - QuantumDesktop.SystemManager - INFO - 量子核心系统启动完成
2025-04-10 21:28:57,677 - QuantumDesktop.SystemManager - ERROR - 执行事件回调时出错: QMetaObject.invokeMethod() call failed
2025-04-10 21:28:58,787 - QuantumDesktop.SystemManager - ERROR - 执行事件回调时出错: QMetaObject.invokeMethod() call failed
2025-04-10 21:28:59,893 - QuantumDesktop.SystemManager - ERROR - 执行事件回调时出错: QMetaObject.invokeMethod() call failed
2025-04-10 21:29:01,004 - QuantumDesktop.SystemManager - ERROR - 执行事件回调时出错: QMetaObject.invokeMethod() call failed
2025-04-10 21:29:02,114 - QuantumDesktop.SystemManager - ERROR - 执行事件回调时出错: QMetaObject.invokeMethod() call failed
2025-04-10 21:29:03,227 - QuantumDesktop.SystemManager - ERROR - 执行事件回调时出错: QMetaObject.invokeMethod() call failed
2025-04-10 21:29:04,340 - QuantumDesktop.SystemManager - ERROR - 执行事件回调时出错: QMetaObject.invokeMethod() call failed
2025-04-10 21:29:05,442 - QuantumDesktop.SystemManager - ERROR - 执行事件回调时出错: QMetaObject.invokeMethod() call failed
2025-04-10 21:29:06,551 - QuantumDesktop.SystemManager - ERROR - 执行事件回调时出错: QMetaObject.invokeMethod() call failed
2025-04-10 21:29:07,656 - QuantumDesktop.SystemManager - ERROR - 执行事件回调时出错: QMetaObject.invokeMethod() call failed
2025-04-10 21:29:08,794 - QuantumDesktop.SystemManager - ERROR - 执行事件回调时出错: QMetaObject.invokeMethod() call failed
2025-04-10 21:29:09,903 - QuantumDesktop.SystemManager - ERROR - 执行事件回调时出错: QMetaObject.invokeMethod() call failed
2025-04-10 21:29:11,012 - QuantumDesktop.SystemManager - ERROR - 执行事件回调时出错: QMetaObject.invokeMethod() call failed
2025-04-10 21:29:12,124 - QuantumDesktop.SystemManager - ERROR - 执行事件回调时出错: QMetaObject.invokeMethod() call failed
2025-04-10 21:29:13,234 - QuantumDesktop.SystemManager - ERROR - 执行事件回调时出错: QMetaObject.invokeMethod() call failed
2025-04-10 21:29:14,350 - QuantumDesktop.SystemManager - ERROR - 执行事件回调时出错: QMetaObject.invokeMethod() call failed
2025-04-10 21:29:15,457 - QuantumDesktop.SystemManager - ERROR - 执行事件回调时出错: QMetaObject.invokeMethod() call failed
2025-04-10 21:29:16,573 - QuantumDesktop.SystemManager - ERROR - 执行事件回调时出错: QMetaObject.invokeMethod() call failed
2025-04-10 21:29:17,677 - QuantumDesktop.SystemManager - ERROR - 执行事件回调时出错: QMetaObject.invokeMethod() call failed
2025-04-10 21:29:18,788 - QuantumDesktop.SystemManager - ERROR - 执行事件回调时出错: QMetaObject.invokeMethod() call failed
2025-04-10 21:29:19,893 - QuantumDesktop.SystemManager - ERROR - 执行事件回调时出错: QMetaObject.invokeMethod() call failed
2025-04-10 21:29:21,001 - QuantumDesktop.SystemManager - ERROR - 执行事件回调时出错: QMetaObject.invokeMethod() call failed
2025-04-10 21:29:22,104 - QuantumDesktop.SystemManager - ERROR - 执行事件回调时出错: QMetaObject.invokeMethod() call failed
2025-04-10 21:29:23,207 - QuantumDesktop.SystemManager - ERROR - 执行事件回调时出错: QMetaObject.invokeMethod() call failed
2025-04-10 21:29:24,316 - QuantumDesktop.SystemManager - ERROR - 执行事件回调时出错: QMetaObject.invokeMethod() call failed
2025-04-10 21:29:25,428 - QuantumDesktop.SystemManager - ERROR - 执行事件回调时出错: QMetaObject.invokeMethod() call failed
2025-04-10 21:29:26,541 - QuantumDesktop.SystemManager - ERROR - 执行事件回调时出错: QMetaObject.invokeMethod() call failed
2025-04-10 21:29:27,649 - QuantumDesktop.SystemManager - ERROR - 执行事件回调时出错: QMetaObject.invokeMethod() call failed
2025-04-10 21:29:28,762 - QuantumDesktop.SystemManager - ERROR - 执行事件回调时出错: QMetaObject.invokeMethod() call failed
2025-04-10 21:29:29,875 - QuantumDesktop.SystemManager - ERROR - 执行事件回调时出错: QMetaObject.invokeMethod() call failed
2025-04-10 21:29:30,984 - QuantumDesktop.SystemManager - ERROR - 执行事件回调时出错: QMetaObject.invokeMethod() call failed
2025-04-10 21:29:32,088 - QuantumDesktop.SystemManager - ERROR - 执行事件回调时出错: QMetaObject.invokeMethod() call failed
2025-04-10 21:29:33,191 - QuantumDesktop.SystemManager - ERROR - 执行事件回调时出错: QMetaObject.invokeMethod() call failed
2025-04-10 21:29:34,296 - QuantumDesktop.SystemManager - ERROR - 执行事件回调时出错: QMetaObject.invokeMethod() call failed
2025-04-10 21:29:35,406 - QuantumDesktop.SystemManager - ERROR - 执行事件回调时出错: QMetaObject.invokeMethod() call failed
2025-04-10 21:29:36,524 - QuantumDesktop.SystemManager - ERROR - 执行事件回调时出错: QMetaObject.invokeMethod() call failed
2025-04-10 21:29:37,629 - QuantumDesktop.SystemManager - ERROR - 执行事件回调时出错: QMetaObject.invokeMethod() call failed
2025-04-10 21:29:38,741 - QuantumDesktop.SystemManager - ERROR - 执行事件回调时出错: QMetaObject.invokeMethod() call failed
2025-04-10 21:29:39,842 - QuantumDesktop.SystemManager - ERROR - 执行事件回调时出错: QMetaObject.invokeMethod() call failed
2025-04-10 21:29:40,943 - QuantumDesktop.SystemManager - ERROR - 执行事件回调时出错: QMetaObject.invokeMethod() call failed
2025-04-10 21:29:42,057 - QuantumDesktop.SystemManager - ERROR - 执行事件回调时出错: QMetaObject.invokeMethod() call failed
2025-04-10 21:29:43,163 - QuantumDesktop.SystemManager - ERROR - 执行事件回调时出错: QMetaObject.invokeMethod() call failed
2025-04-10 21:29:44,275 - QuantumDesktop.SystemManager - ERROR - 执行事件回调时出错: QMetaObject.invokeMethod() call failed
2025-04-10 21:29:45,377 - QuantumDesktop.SystemManager - ERROR - 执行事件回调时出错: QMetaObject.invokeMethod() call failed
2025-04-10 21:29:46,490 - QuantumDesktop.SystemManager - ERROR - 执行事件回调时出错: QMetaObject.invokeMethod() call failed
2025-04-10 21:29:47,596 - QuantumDesktop.SystemManager - ERROR - 执行事件回调时出错: QMetaObject.invokeMethod() call failed
2025-04-10 21:29:48,710 - QuantumDesktop.SystemManager - ERROR - 执行事件回调时出错: QMetaObject.invokeMethod() call failed
2025-04-10 21:29:49,838 - QuantumDesktop.SystemManager - ERROR - 执行事件回调时出错: QMetaObject.invokeMethod() call failed
2025-04-10 21:29:50,946 - QuantumDesktop.SystemManager - ERROR - 执行事件回调时出错: QMetaObject.invokeMethod() call failed
2025-04-10 21:29:52,060 - QuantumDesktop.SystemManager - ERROR - 执行事件回调时出错: QMetaObject.invokeMethod() call failed
2025-04-10 21:29:53,194 - QuantumDesktop.SystemManager - ERROR - 执行事件回调时出错: QMetaObject.invokeMethod() call failed
2025-04-10 21:29:54,305 - QuantumDesktop.SystemManager - ERROR - 执行事件回调时出错: QMetaObject.invokeMethod() call failed
2025-04-10 21:29:55,407 - QuantumDesktop.SystemManager - ERROR - 执行事件回调时出错: QMetaObject.invokeMethod() call failed
2025-04-10 21:29:56,517 - QuantumDesktop.SystemManager - ERROR - 执行事件回调时出错: QMetaObject.invokeMethod() call failed
2025-04-10 21:29:56,659 - quantum_core.multidimensional_analysis - INFO - 开始多维分析...
2025-04-10 21:29:56,660 - quantum_core.multidimensional_analysis - INFO - 多维分析完成，分析了 0 个维度
2025-04-10 21:29:57,626 - QuantumDesktop.SystemManager - ERROR - 执行事件回调时出错: QMetaObject.invokeMethod() call failed
2025-04-10 21:29:58,390 - quantum_core.multidimensional_analysis - INFO - 开始多维分析...
2025-04-10 21:29:58,390 - quantum_core.multidimensional_analysis - INFO - 多维分析完成，分析了 0 个维度
2025-04-10 21:29:58,740 - QuantumDesktop.SystemManager - ERROR - 执行事件回调时出错: QMetaObject.invokeMethod() call failed
2025-04-10 21:29:58,950 - quantum_core.multidimensional_analysis - INFO - 开始多维分析...
2025-04-10 21:29:58,950 - quantum_core.multidimensional_analysis - INFO - 多维分析完成，分析了 0 个维度
2025-04-10 21:29:59,207 - quantum_core.multidimensional_analysis - INFO - 开始多维分析...
2025-04-10 21:29:59,207 - quantum_core.multidimensional_analysis - INFO - 多维分析完成，分析了 0 个维度
2025-04-10 21:29:59,834 - quantum_core.multidimensional_analysis - INFO - 开始多维分析...
2025-04-10 21:29:59,835 - quantum_core.multidimensional_analysis - INFO - 多维分析完成，分析了 0 个维度
2025-04-10 21:29:59,848 - QuantumDesktop.SystemManager - ERROR - 执行事件回调时出错: QMetaObject.invokeMethod() call failed
2025-04-10 21:30:00,586 - quantum_core.multidimensional_analysis - INFO - 开始多维分析...
2025-04-10 21:30:00,586 - quantum_core.multidimensional_analysis - INFO - 多维分析完成，分析了 0 个维度
2025-04-10 21:30:00,791 - quantum_core.multidimensional_analysis - INFO - 开始多维分析...
2025-04-10 21:30:00,792 - quantum_core.multidimensional_analysis - INFO - 多维分析完成，分析了 0 个维度
2025-04-10 21:30:00,960 - QuantumDesktop.SystemManager - ERROR - 执行事件回调时出错: QMetaObject.invokeMethod() call failed
2025-04-10 21:30:01,035 - quantum_core.multidimensional_analysis - INFO - 开始多维分析...
2025-04-10 21:30:01,036 - quantum_core.multidimensional_analysis - INFO - 多维分析完成，分析了 0 个维度
2025-04-10 21:30:01,293 - quantum_core.multidimensional_analysis - INFO - 开始多维分析...
2025-04-10 21:30:01,293 - quantum_core.multidimensional_analysis - INFO - 多维分析完成，分析了 0 个维度
2025-04-10 21:30:02,069 - QuantumDesktop.SystemManager - ERROR - 执行事件回调时出错: QMetaObject.invokeMethod() call failed
2025-04-10 21:30:03,176 - QuantumDesktop.SystemManager - ERROR - 执行事件回调时出错: QMetaObject.invokeMethod() call failed
2025-04-10 21:30:04,294 - QuantumDesktop.SystemManager - ERROR - 执行事件回调时出错: QMetaObject.invokeMethod() call failed
2025-04-10 21:30:05,402 - QuantumDesktop.SystemManager - ERROR - 执行事件回调时出错: QMetaObject.invokeMethod() call failed
2025-04-10 21:30:06,509 - QuantumDesktop.SystemManager - ERROR - 执行事件回调时出错: QMetaObject.invokeMethod() call failed
2025-04-10 21:30:07,623 - QuantumDesktop.SystemManager - ERROR - 执行事件回调时出错: QMetaObject.invokeMethod() call failed
2025-04-10 21:30:08,734 - QuantumDesktop.SystemManager - ERROR - 执行事件回调时出错: QMetaObject.invokeMethod() call failed
2025-04-10 21:30:09,396 - quantum_core.multidimensional_analysis - INFO - 开始多维分析...
2025-04-10 21:30:09,396 - quantum_core.multidimensional_analysis - INFO - 多维分析完成，分析了 0 个维度
2025-04-10 21:30:09,841 - QuantumDesktop.SystemManager - ERROR - 执行事件回调时出错: QMetaObject.invokeMethod() call failed
2025-04-10 21:30:10,326 - quantum_core.multidimensional_analysis - INFO - 开始多维分析...
2025-04-10 21:30:10,326 - quantum_core.multidimensional_analysis - INFO - 多维分析完成，分析了 0 个维度
2025-04-10 21:30:10,943 - QuantumDesktop.SystemManager - ERROR - 执行事件回调时出错: QMetaObject.invokeMethod() call failed
2025-04-10 21:30:12,050 - QuantumDesktop.SystemManager - ERROR - 执行事件回调时出错: QMetaObject.invokeMethod() call failed
2025-04-10 21:30:13,155 - QuantumDesktop.SystemManager - ERROR - 执行事件回调时出错: QMetaObject.invokeMethod() call failed
2025-04-10 21:30:14,143 - quantum_core.multidimensional_analysis - INFO - 开始多维分析...
2025-04-10 21:30:14,143 - quantum_core.multidimensional_analysis - INFO - 多维分析完成，分析了 0 个维度
2025-04-10 21:30:14,262 - QuantumDesktop.SystemManager - ERROR - 执行事件回调时出错: QMetaObject.invokeMethod() call failed
2025-04-10 21:30:15,369 - QuantumDesktop.SystemManager - ERROR - 执行事件回调时出错: QMetaObject.invokeMethod() call failed
2025-04-10 21:30:16,479 - QuantumDesktop.SystemManager - ERROR - 执行事件回调时出错: QMetaObject.invokeMethod() call failed
2025-04-10 21:30:17,604 - QuantumDesktop.SystemManager - ERROR - 执行事件回调时出错: QMetaObject.invokeMethod() call failed
2025-04-10 21:30:18,708 - QuantumDesktop.SystemManager - ERROR - 执行事件回调时出错: QMetaObject.invokeMethod() call failed
2025-04-10 21:30:19,817 - QuantumDesktop.SystemManager - ERROR - 执行事件回调时出错: QMetaObject.invokeMethod() call failed
2025-04-10 21:30:20,926 - QuantumDesktop.SystemManager - ERROR - 执行事件回调时出错: QMetaObject.invokeMethod() call failed
2025-04-10 21:30:22,028 - QuantumDesktop.SystemManager - ERROR - 执行事件回调时出错: QMetaObject.invokeMethod() call failed
2025-04-10 21:30:23,140 - QuantumDesktop.SystemManager - ERROR - 执行事件回调时出错: QMetaObject.invokeMethod() call failed
2025-04-10 21:30:24,251 - QuantumDesktop.SystemManager - ERROR - 执行事件回调时出错: QMetaObject.invokeMethod() call failed
2025-04-10 21:30:25,356 - QuantumDesktop.SystemManager - ERROR - 执行事件回调时出错: QMetaObject.invokeMethod() call failed
2025-04-10 21:30:26,459 - QuantumDesktop.SystemManager - ERROR - 执行事件回调时出错: QMetaObject.invokeMethod() call failed
2025-04-10 21:30:27,572 - QuantumDesktop.SystemManager - ERROR - 执行事件回调时出错: QMetaObject.invokeMethod() call failed
2025-04-10 21:30:28,677 - QuantumDesktop.SystemManager - ERROR - 执行事件回调时出错: QMetaObject.invokeMethod() call failed
2025-04-10 21:30:29,787 - QuantumDesktop.SystemManager - ERROR - 执行事件回调时出错: QMetaObject.invokeMethod() call failed
2025-04-10 21:30:30,891 - QuantumDesktop.SystemManager - ERROR - 执行事件回调时出错: QMetaObject.invokeMethod() call failed
2025-04-10 21:30:31,997 - QuantumDesktop.SystemManager - ERROR - 执行事件回调时出错: QMetaObject.invokeMethod() call failed
2025-04-10 21:30:33,105 - QuantumDesktop.SystemManager - ERROR - 执行事件回调时出错: QMetaObject.invokeMethod() call failed
2025-04-10 21:30:34,212 - QuantumDesktop.SystemManager - ERROR - 执行事件回调时出错: QMetaObject.invokeMethod() call failed
2025-04-10 21:30:35,322 - QuantumDesktop.SystemManager - ERROR - 执行事件回调时出错: QMetaObject.invokeMethod() call failed
2025-04-10 21:30:36,431 - QuantumDesktop.SystemManager - ERROR - 执行事件回调时出错: QMetaObject.invokeMethod() call failed
2025-04-10 21:30:37,548 - QuantumDesktop.SystemManager - ERROR - 执行事件回调时出错: QMetaObject.invokeMethod() call failed
2025-04-10 21:30:38,656 - QuantumDesktop.SystemManager - ERROR - 执行事件回调时出错: QMetaObject.invokeMethod() call failed
2025-04-10 21:30:39,769 - QuantumDesktop.SystemManager - ERROR - 执行事件回调时出错: QMetaObject.invokeMethod() call failed
2025-04-10 21:30:40,877 - QuantumDesktop.SystemManager - ERROR - 执行事件回调时出错: QMetaObject.invokeMethod() call failed
2025-04-10 21:30:41,980 - QuantumDesktop.SystemManager - ERROR - 执行事件回调时出错: QMetaObject.invokeMethod() call failed
2025-04-10 21:30:43,087 - QuantumDesktop.SystemManager - ERROR - 执行事件回调时出错: QMetaObject.invokeMethod() call failed
2025-04-10 21:30:44,192 - QuantumDesktop.SystemManager - ERROR - 执行事件回调时出错: QMetaObject.invokeMethod() call failed
2025-04-10 21:30:45,297 - QuantumDesktop.SystemManager - ERROR - 执行事件回调时出错: QMetaObject.invokeMethod() call failed
2025-04-10 21:30:46,409 - QuantumDesktop.SystemManager - ERROR - 执行事件回调时出错: QMetaObject.invokeMethod() call failed
2025-04-10 21:30:47,522 - QuantumDesktop.SystemManager - ERROR - 执行事件回调时出错: QMetaObject.invokeMethod() call failed
2025-04-10 21:30:48,628 - QuantumDesktop.SystemManager - ERROR - 执行事件回调时出错: QMetaObject.invokeMethod() call failed
2025-04-10 21:30:49,741 - QuantumDesktop.SystemManager - ERROR - 执行事件回调时出错: QMetaObject.invokeMethod() call failed
2025-04-10 21:30:50,844 - QuantumDesktop.SystemManager - ERROR - 执行事件回调时出错: QMetaObject.invokeMethod() call failed
2025-04-10 21:30:51,951 - QuantumDesktop.SystemManager - ERROR - 执行事件回调时出错: QMetaObject.invokeMethod() call failed
2025-04-10 21:30:53,083 - QuantumDesktop.SystemManager - ERROR - 执行事件回调时出错: QMetaObject.invokeMethod() call failed
2025-04-10 21:30:54,292 - QuantumDesktop.SystemManager - ERROR - 执行事件回调时出错: QMetaObject.invokeMethod() call failed
2025-04-10 21:30:55,399 - QuantumDesktop.SystemManager - ERROR - 执行事件回调时出错: QMetaObject.invokeMethod() call failed
2025-04-10 21:30:56,505 - QuantumDesktop.SystemManager - ERROR - 执行事件回调时出错: QMetaObject.invokeMethod() call failed
2025-04-10 21:30:56,910 - quantum_core.multidimensional_analysis - INFO - 开始多维分析...
2025-04-10 21:30:56,910 - quantum_core.multidimensional_analysis - INFO - 多维分析完成，分析了 0 个维度
2025-04-10 21:30:57,609 - QuantumDesktop.SystemManager - ERROR - 执行事件回调时出错: QMetaObject.invokeMethod() call failed
2025-04-10 21:30:58,411 - QuantumDesktop.MainWindow - INFO - 停止量子核心系统
2025-04-10 21:30:58,412 - QuantumDesktop.SystemManager - INFO - 停止量子核心系统...
2025-04-10 21:30:58,615 - QuantumDesktop.SystemManager - INFO - 系统监控结束
2025-04-10 21:30:58,616 - quantum_core.multidimensional_analysis - INFO - 停止多维分析器...
2025-04-10 21:30:58,616 - quantum_core.multidimensional_analysis - INFO - 多维分析器已停止
2025-04-10 21:30:58,616 - QuantumDesktop.SystemManager - INFO - analyzer 停止成功
2025-04-10 21:30:58,616 - quantum_core.quantum_interpreter - INFO - 停止量子解释器...
2025-04-10 21:30:58,617 - quantum_core.quantum_interpreter - INFO - 量子解释器已停止
2025-04-10 21:30:58,617 - QuantumDesktop.SystemManager - INFO - interpreter 停止成功
2025-04-10 21:30:58,617 - quantum_core.market_to_quantum - INFO - 停止市场到量子转换器...
2025-04-10 21:30:58,617 - quantum_core.market_to_quantum - INFO - 市场到量子转换器已停止
2025-04-10 21:30:58,618 - QuantumDesktop.SystemManager - INFO - converter 停止成功
2025-04-10 21:30:58,618 - quantum_core.quantum_backend - INFO - 正在停止量子后端...
2025-04-10 21:30:58,920 - quantum_core.quantum_backend - INFO - 量子后端已停止
2025-04-10 21:30:58,921 - QuantumDesktop.SystemManager - INFO - backend 停止成功
2025-04-10 21:30:58,921 - QuantumDesktop.SystemManager - INFO - 量子核心系统已停止
2025-04-10 21:31:02,988 - QuantumDesktop.MainWindow - INFO - 启动量子核心系统
2025-04-10 21:31:02,989 - QuantumDesktop.SystemManager - INFO - 启动量子核心系统...
2025-04-10 21:31:02,989 - quantum_core.quantum_backend - INFO - 初始化量子后端: quantum_simulator, 类型: simulator, 最大量子比特: 24
2025-04-10 21:31:02,989 - quantum_core.quantum_backend - INFO - 正在启动量子后端...
2025-04-10 21:31:03,490 - quantum_core.quantum_backend - INFO - 量子后端启动成功
2025-04-10 21:31:03,490 - QuantumDesktop.SystemManager - INFO - 量子后端启动成功
2025-04-10 21:31:03,490 - quantum_core.market_to_quantum - INFO - 注册编码方法: amplitude
2025-04-10 21:31:03,491 - quantum_core.market_to_quantum - INFO - 注册编码方法: angle
2025-04-10 21:31:03,491 - quantum_core.market_to_quantum - INFO - 注册编码方法: binary
2025-04-10 21:31:03,491 - quantum_core.market_to_quantum - INFO - 注册了 3 个默认编码方法
2025-04-10 21:31:03,491 - quantum_core.market_to_quantum - INFO - 市场到量子转换器初始化完成
2025-04-10 21:31:03,492 - quantum_core.market_to_quantum - INFO - 启动市场到量子转换器...
2025-04-10 21:31:03,492 - quantum_core.market_to_quantum - INFO - 市场到量子转换器启动完成
2025-04-10 21:31:03,492 - QuantumDesktop.SystemManager - INFO - 市场到量子转换器启动成功
2025-04-10 21:31:03,493 - quantum_core.quantum_interpreter - INFO - 注册解释方法: probability
2025-04-10 21:31:03,493 - quantum_core.quantum_interpreter - INFO - 注册解释方法: threshold
2025-04-10 21:31:03,493 - quantum_core.quantum_interpreter - INFO - 注册解释方法: relative
2025-04-10 21:31:03,493 - quantum_core.quantum_interpreter - INFO - 注册了 3 个默认解释方法
2025-04-10 21:31:03,494 - quantum_core.quantum_interpreter - INFO - 量子解释器初始化完成
2025-04-10 21:31:03,494 - quantum_core.quantum_interpreter - INFO - 启动量子解释器...
2025-04-10 21:31:03,494 - quantum_core.quantum_interpreter - INFO - 量子解释器启动完成
2025-04-10 21:31:03,494 - QuantumDesktop.SystemManager - INFO - 量子解释器启动成功
2025-04-10 21:31:03,495 - quantum_core.multidimensional_analysis - INFO - 多维分析器初始化完成
2025-04-10 21:31:03,495 - quantum_core.multidimensional_analysis - INFO - 启动多维分析器...
2025-04-10 21:31:03,495 - quantum_core.multidimensional_analysis - INFO - 多维分析器启动完成
2025-04-10 21:31:03,495 - QuantumDesktop.SystemManager - INFO - 市场分析器启动成功
2025-04-10 21:31:03,495 - QuantumDesktop.SystemManager - INFO - 开始系统监控
2025-04-10 21:31:03,496 - QuantumDesktop.SystemManager - INFO - 量子核心系统启动完成
2025-04-10 21:31:03,602 - QuantumDesktop.SystemManager - ERROR - 执行事件回调时出错: QMetaObject.invokeMethod() call failed
2025-04-10 21:31:04,708 - QuantumDesktop.SystemManager - ERROR - 执行事件回调时出错: QMetaObject.invokeMethod() call failed
2025-04-10 21:31:05,811 - QuantumDesktop.SystemManager - ERROR - 执行事件回调时出错: QMetaObject.invokeMethod() call failed
2025-04-10 21:31:06,919 - QuantumDesktop.SystemManager - ERROR - 执行事件回调时出错: QMetaObject.invokeMethod() call failed
2025-04-10 21:31:08,048 - QuantumDesktop.SystemManager - ERROR - 执行事件回调时出错: QMetaObject.invokeMethod() call failed
2025-04-10 21:31:09,154 - QuantumDesktop.SystemManager - ERROR - 执行事件回调时出错: QMetaObject.invokeMethod() call failed
2025-04-10 21:31:10,259 - QuantumDesktop.SystemManager - ERROR - 执行事件回调时出错: QMetaObject.invokeMethod() call failed
2025-04-10 21:31:11,368 - QuantumDesktop.SystemManager - ERROR - 执行事件回调时出错: QMetaObject.invokeMethod() call failed
2025-04-10 21:31:12,475 - QuantumDesktop.SystemManager - ERROR - 执行事件回调时出错: QMetaObject.invokeMethod() call failed
2025-04-10 21:31:13,584 - QuantumDesktop.SystemManager - ERROR - 执行事件回调时出错: QMetaObject.invokeMethod() call failed
2025-04-10 21:31:14,694 - QuantumDesktop.SystemManager - ERROR - 执行事件回调时出错: QMetaObject.invokeMethod() call failed
2025-04-10 21:31:15,802 - QuantumDesktop.SystemManager - ERROR - 执行事件回调时出错: QMetaObject.invokeMethod() call failed
2025-04-10 21:31:16,909 - QuantumDesktop.SystemManager - ERROR - 执行事件回调时出错: QMetaObject.invokeMethod() call failed
2025-04-10 21:31:18,017 - QuantumDesktop.SystemManager - ERROR - 执行事件回调时出错: QMetaObject.invokeMethod() call failed
2025-04-10 21:31:19,122 - QuantumDesktop.SystemManager - ERROR - 执行事件回调时出错: QMetaObject.invokeMethod() call failed
2025-04-10 21:31:20,230 - QuantumDesktop.SystemManager - ERROR - 执行事件回调时出错: QMetaObject.invokeMethod() call failed
2025-04-10 21:31:21,342 - QuantumDesktop.SystemManager - ERROR - 执行事件回调时出错: QMetaObject.invokeMethod() call failed
2025-04-10 21:31:22,452 - QuantumDesktop.SystemManager - ERROR - 执行事件回调时出错: QMetaObject.invokeMethod() call failed
2025-04-10 21:31:23,558 - QuantumDesktop.SystemManager - ERROR - 执行事件回调时出错: QMetaObject.invokeMethod() call failed
2025-04-10 21:31:24,662 - QuantumDesktop.SystemManager - ERROR - 执行事件回调时出错: QMetaObject.invokeMethod() call failed
2025-04-10 21:31:25,778 - QuantumDesktop.SystemManager - ERROR - 执行事件回调时出错: QMetaObject.invokeMethod() call failed
2025-04-10 21:31:26,889 - QuantumDesktop.SystemManager - ERROR - 执行事件回调时出错: QMetaObject.invokeMethod() call failed
2025-04-10 21:31:27,994 - QuantumDesktop.SystemManager - ERROR - 执行事件回调时出错: QMetaObject.invokeMethod() call failed
2025-04-10 21:31:29,105 - QuantumDesktop.SystemManager - ERROR - 执行事件回调时出错: QMetaObject.invokeMethod() call failed
2025-04-10 21:31:30,208 - QuantumDesktop.SystemManager - ERROR - 执行事件回调时出错: QMetaObject.invokeMethod() call failed
2025-04-10 21:31:31,311 - QuantumDesktop.SystemManager - ERROR - 执行事件回调时出错: QMetaObject.invokeMethod() call failed
2025-04-10 21:31:32,426 - QuantumDesktop.SystemManager - ERROR - 执行事件回调时出错: QMetaObject.invokeMethod() call failed
2025-04-10 21:31:32,498 - QuantumDesktop.MainWindow - INFO - 关闭应用程序
2025-04-10 21:31:32,499 - QuantumDesktop.SystemManager - INFO - 停止量子核心系统...
2025-04-10 21:31:33,428 - QuantumDesktop.SystemManager - INFO - 系统监控结束
2025-04-10 21:31:33,429 - quantum_core.multidimensional_analysis - INFO - 停止多维分析器...
2025-04-10 21:31:33,430 - quantum_core.multidimensional_analysis - INFO - 多维分析器已停止
2025-04-10 21:31:33,430 - QuantumDesktop.SystemManager - INFO - analyzer 停止成功
2025-04-10 21:31:33,430 - quantum_core.quantum_interpreter - INFO - 停止量子解释器...
2025-04-10 21:31:33,430 - quantum_core.quantum_interpreter - INFO - 量子解释器已停止
2025-04-10 21:31:33,430 - QuantumDesktop.SystemManager - INFO - interpreter 停止成功
2025-04-10 21:31:33,430 - quantum_core.market_to_quantum - INFO - 停止市场到量子转换器...
2025-04-10 21:31:33,431 - quantum_core.market_to_quantum - INFO - 市场到量子转换器已停止
2025-04-10 21:31:33,431 - QuantumDesktop.SystemManager - INFO - converter 停止成功
2025-04-10 21:31:33,431 - quantum_core.quantum_backend - INFO - 正在停止量子后端...
2025-04-10 21:31:33,732 - quantum_core.quantum_backend - INFO - 量子后端已停止
2025-04-10 21:31:33,733 - QuantumDesktop.SystemManager - INFO - backend 停止成功
2025-04-10 21:31:33,733 - QuantumDesktop.SystemManager - INFO - 量子核心系统已停止
